<?xml version="1.0" encoding="UTF-8"?>
<coverage generated="1779262767046" clover="3.2.0">
  <project timestamp="1779262767046" name="All files">
    <metrics statements="519" coveredstatements="250" conditionals="327" coveredconditionals="136" methods="164" coveredmethods="62" elements="1010" coveredelements="448" complexity="0" loc="519" ncloc="519" packages="3" files="10" classes="10"/>
    <package name="services">
      <metrics statements="46" coveredstatements="45" conditionals="62" coveredconditionals="51" methods="11" coveredmethods="11"/>
      <file name="catalog.ts" path="C:\Users\danie\OneDrive\dev\RiskWeb\frontend\src\services\catalog.ts">
        <metrics statements="27" coveredstatements="27" conditionals="20" coveredconditionals="18" methods="10" coveredmethods="10"/>
        <line num="15" count="1" type="stmt"/>
        <line num="25" count="1" type="stmt"/>
        <line num="30" count="1" type="stmt"/>
        <line num="31" count="1" type="stmt"/>
        <line num="32" count="20" type="stmt"/>
        <line num="33" count="47" type="cond" truecount="2" falsecount="0"/>
        <line num="34" count="47" type="stmt"/>
        <line num="35" count="47" type="stmt"/>
        <line num="42" count="6" type="stmt"/>
        <line num="43" count="6" type="cond" truecount="2" falsecount="0"/>
        <line num="44" count="48" type="stmt"/>
        <line num="46" count="104" type="stmt"/>
        <line num="56" count="25" type="stmt"/>
        <line num="57" count="2" type="cond" truecount="2" falsecount="0"/>
        <line num="58" count="1" type="stmt"/>
        <line num="68" count="40" type="stmt"/>
        <line num="77" count="21" type="stmt"/>
        <line num="78" count="2" type="cond" truecount="2" falsecount="0"/>
        <line num="79" count="1" type="stmt"/>
        <line num="83" count="6" type="stmt"/>
        <line num="84" count="6" type="stmt"/>
        <line num="85" count="120" type="stmt"/>
        <line num="86" count="282" type="cond" truecount="4" falsecount="0"/>
        <line num="87" count="149" type="cond" truecount="4" falsecount="0"/>
        <line num="88" count="102" type="stmt"/>
        <line num="96" count="102" type="stmt"/>
        <line num="99" count="6" type="stmt"/>
      </file>
      <file name="validate.ts" path="C:\Users\danie\OneDrive\dev\RiskWeb\frontend\src\services\validate.ts">
        <metrics statements="19" coveredstatements="18" conditionals="42" coveredconditionals="33" methods="1" coveredmethods="1"/>
        <line num="4" count="10" type="cond" truecount="4" falsecount="0"/>
        <line num="5" count="8" type="stmt"/>
        <line num="7" count="8" type="cond" truecount="4" falsecount="0"/>
        <line num="8" count="7" type="cond" truecount="5" falsecount="0"/>
        <line num="9" count="5" type="cond" truecount="2" falsecount="0"/>
        <line num="10" count="4" type="cond" truecount="1" falsecount="1"/>
        <line num="12" count="4" type="cond" truecount="2" falsecount="0"/>
        <line num="17" count="1" type="stmt"/>
        <line num="19" count="3" type="stmt"/>
        <line num="20" count="3" type="cond" truecount="3" falsecount="1"/>
        <line num="21" count="3" type="cond" truecount="1" falsecount="1"/>
        <line num="22" count="3" type="cond" truecount="2" falsecount="0"/>
        <line num="23" count="2" type="cond" truecount="1" falsecount="1"/>
        <line num="26" count="2" type="stmt"/>
        <line num="27" count="1" type="cond" truecount="3" falsecount="1"/>
        <line num="28" count="1" type="cond" truecount="1" falsecount="1"/>
        <line num="29" count="1" type="cond" truecount="1" falsecount="1"/>
        <line num="30" count="0" type="cond" truecount="0" falsecount="2"/>
        <line num="33" count="1" type="stmt"/>
      </file>
    </package>
    <package name="store">
      <metrics statements="219" coveredstatements="55" conditionals="118" coveredconditionals="8" methods="122" coveredmethods="29"/>
      <file name="controlStore.ts" path="C:\Users\danie\OneDrive\dev\RiskWeb\frontend\src\store\controlStore.ts">
        <metrics statements="56" coveredstatements="55" conditionals="10" coveredconditionals="8" methods="30" coveredmethods="29"/>
        <line num="33" count="1" type="stmt"/>
        <line num="41" count="0" type="stmt"/>
        <line num="45" count="7" type="stmt"/>
        <line num="46" count="7" type="stmt"/>
        <line num="47" count="7" type="stmt"/>
        <line num="48" count="6" type="stmt"/>
        <line num="50" count="1" type="stmt"/>
        <line num="55" count="2" type="stmt"/>
        <line num="56" count="2" type="cond" truecount="2" falsecount="0"/>
        <line num="57" count="1" type="stmt"/>
        <line num="58" count="1" type="stmt"/>
        <line num="59" count="1" type="stmt"/>
        <line num="60" count="1" type="stmt"/>
        <line num="61" count="1" type="stmt"/>
        <line num="63" count="1" type="stmt"/>
        <line num="67" count="1" type="stmt"/>
        <line num="68" count="1" type="stmt"/>
        <line num="69" count="1" type="stmt"/>
        <line num="70" count="1" type="stmt"/>
        <line num="71" count="1" type="stmt"/>
        <line num="73" count="1" type="stmt"/>
        <line num="74" count="1" type="stmt"/>
        <line num="78" count="1" type="stmt"/>
        <line num="79" count="1" type="stmt"/>
        <line num="80" count="1" type="stmt"/>
        <line num="81" count="1" type="stmt"/>
        <line num="82" count="1" type="stmt"/>
        <line num="84" count="1" type="stmt"/>
        <line num="85" count="1" type="stmt"/>
        <line num="89" count="2" type="stmt"/>
        <line num="90" count="2" type="stmt"/>
        <line num="91" count="2" type="stmt"/>
        <line num="92" count="2" type="stmt"/>
        <line num="93" count="2" type="stmt"/>
        <line num="95" count="2" type="stmt"/>
        <line num="99" count="1" type="stmt"/>
        <line num="103" count="1" type="stmt"/>
        <line num="107" count="22" type="stmt"/>
        <line num="108" count="22" type="cond" truecount="4" falsecount="0"/>
        <line num="109" count="1" type="stmt"/>
        <line num="111" count="21" type="stmt"/>
        <line num="117" count="21" type="stmt"/>
        <line num="118" count="21" type="stmt"/>
        <line num="119" count="21" type="stmt"/>
        <line num="123" count="2" type="stmt"/>
        <line num="124" count="2" type="stmt"/>
        <line num="126" count="2" type="stmt"/>
        <line num="130" count="2" type="stmt"/>
        <line num="131" count="4" type="stmt"/>
        <line num="136" count="3" type="stmt"/>
        <line num="138" count="3" type="cond" truecount="1" falsecount="1"/>
        <line num="141" count="3" type="stmt"/>
        <line num="145" count="2" type="stmt"/>
        <line num="147" count="2" type="cond" truecount="1" falsecount="1"/>
        <line num="150" count="2" type="stmt"/>
        <line num="154" count="3" type="stmt"/>
      </file>
      <file name="scenarioStore.ts" path="C:\Users\danie\OneDrive\dev\RiskWeb\frontend\src\store\scenarioStore.ts">
        <metrics statements="15" coveredstatements="0" conditionals="2" coveredconditionals="0" methods="18" coveredmethods="0"/>
        <line num="36" count="0" type="stmt"/>
        <line num="41" count="0" type="stmt"/>
        <line num="52" count="0" type="stmt"/>
        <line num="53" count="0" type="stmt"/>
        <line num="54" count="0" type="stmt"/>
        <line num="55" count="0" type="stmt"/>
        <line num="57" count="0" type="stmt"/>
        <line num="61" count="0" type="stmt"/>
        <line num="62" count="0" type="stmt"/>
        <line num="64" count="0" type="stmt"/>
        <line num="66" count="0" type="stmt"/>
        <line num="68" count="0" type="stmt"/>
        <line num="69" count="0" type="stmt"/>
        <line num="71" count="0" type="stmt"/>
        <line num="81" count="0" type="stmt"/>
      </file>
      <file name="simulationStore.ts" path="C:\Users\danie\OneDrive\dev\RiskWeb\frontend\src\store\simulationStore.ts">
        <metrics statements="7" coveredstatements="0" conditionals="2" coveredconditionals="0" methods="8" coveredmethods="0"/>
        <line num="20" count="0" type="stmt"/>
        <line num="28" count="0" type="stmt"/>
        <line num="29" count="0" type="stmt"/>
        <line num="31" count="0" type="stmt"/>
        <line num="32" count="0" type="stmt"/>
        <line num="34" count="0" type="cond" truecount="0" falsecount="2"/>
        <line num="36" count="0" type="stmt"/>
      </file>
      <file name="treeStore.ts" path="C:\Users\danie\OneDrive\dev\RiskWeb\frontend\src\store\treeStore.ts">
        <metrics statements="141" coveredstatements="0" conditionals="104" coveredconditionals="0" methods="66" coveredmethods="0"/>
        <line num="27" count="0" type="stmt"/>
        <line num="32" count="0" type="stmt"/>
        <line num="38" count="0" type="cond" truecount="0" falsecount="2"/>
        <line num="42" count="0" type="stmt"/>
        <line num="55" count="0" type="stmt"/>
        <line num="66" count="0" type="stmt"/>
        <line num="76" count="0" type="stmt"/>
        <line num="84" count="0" type="stmt"/>
        <line num="85" count="0" type="cond" truecount="0" falsecount="2"/>
        <line num="86" count="0" type="stmt"/>
        <line num="87" count="0" type="cond" truecount="0" falsecount="6"/>
        <line num="88" count="0" type="stmt"/>
        <line num="90" count="0" type="cond" truecount="0" falsecount="2"/>
        <line num="91" count="0" type="cond" truecount="0" falsecount="2"/>
        <line num="92" count="0" type="stmt"/>
        <line num="94" count="0" type="cond" truecount="0" falsecount="2"/>
        <line num="95" count="0" type="cond" truecount="0" falsecount="2"/>
        <line num="96" count="0" type="stmt"/>
        <line num="99" count="0" type="stmt"/>
        <line num="134" count="0" type="stmt"/>
        <line num="140" count="0" type="stmt"/>
        <line num="144" count="0" type="stmt"/>
        <line num="147" count="0" type="stmt"/>
        <line num="150" count="0" type="stmt"/>
        <line num="151" count="0" type="stmt"/>
        <line num="152" count="0" type="stmt"/>
        <line num="158" count="0" type="stmt"/>
        <line num="159" count="0" type="stmt"/>
        <line num="163" count="0" type="stmt"/>
        <line num="164" count="0" type="stmt"/>
        <line num="165" count="0" type="cond" truecount="0" falsecount="2"/>
        <line num="171" count="0" type="stmt"/>
        <line num="172" count="0" type="stmt"/>
        <line num="173" count="0" type="stmt"/>
        <line num="174" count="0" type="stmt"/>
        <line num="175" count="0" type="stmt"/>
        <line num="176" count="0" type="stmt"/>
        <line num="177" count="0" type="stmt"/>
        <line num="178" count="0" type="cond" truecount="0" falsecount="4"/>
        <line num="179" count="0" type="stmt"/>
        <line num="183" count="0" type="stmt"/>
        <line num="184" count="0" type="stmt"/>
        <line num="185" count="0" type="cond" truecount="0" falsecount="2"/>
        <line num="191" count="0" type="stmt"/>
        <line num="192" count="0" type="cond" truecount="0" falsecount="2"/>
        <line num="193" count="0" type="stmt"/>
        <line num="194" count="0" type="stmt"/>
        <line num="201" count="0" type="stmt"/>
        <line num="205" count="0" type="stmt"/>
        <line num="206" count="0" type="cond" truecount="0" falsecount="2"/>
        <line num="211" count="0" type="stmt"/>
        <line num="215" count="0" type="stmt"/>
        <line num="217" count="0" type="cond" truecount="0" falsecount="2"/>
        <line num="225" count="0" type="stmt"/>
        <line num="229" count="0" type="stmt"/>
        <line num="230" count="0" type="stmt"/>
        <line num="231" count="0" type="cond" truecount="0" falsecount="4"/>
        <line num="232" count="0" type="cond" truecount="0" falsecount="2"/>
        <line num="235" count="0" type="cond" truecount="0" falsecount="4"/>
        <line num="238" count="0" type="cond" truecount="0" falsecount="2"/>
        <line num="241" count="0" type="stmt"/>
        <line num="242" count="0" type="cond" truecount="0" falsecount="2"/>
        <line num="245" count="0" type="stmt"/>
        <line num="246" count="0" type="stmt"/>
        <line num="247" count="0" type="cond" truecount="0" falsecount="2"/>
        <line num="248" count="0" type="stmt"/>
        <line num="250" count="0" type="cond" truecount="0" falsecount="2"/>
        <line num="251" count="0" type="stmt"/>
        <line num="253" count="0" type="stmt"/>
        <line num="254" count="0" type="stmt"/>
        <line num="256" count="0" type="cond" truecount="0" falsecount="2"/>
        <line num="257" count="0" type="cond" truecount="0" falsecount="2"/>
        <line num="258" count="0" type="stmt"/>
        <line num="259" count="0" type="stmt"/>
        <line num="260" count="0" type="cond" truecount="0" falsecount="2"/>
        <line num="261" count="0" type="cond" truecount="0" falsecount="2"/>
        <line num="263" count="0" type="stmt"/>
        <line num="264" count="0" type="stmt"/>
        <line num="266" count="0" type="stmt"/>
        <line num="267" count="0" type="cond" truecount="0" falsecount="2"/>
        <line num="270" count="0" type="stmt"/>
        <line num="274" count="0" type="cond" truecount="0" falsecount="2"/>
        <line num="275" count="0" type="stmt"/>
        <line num="283" count="0" type="stmt"/>
        <line num="287" count="0" type="stmt"/>
        <line num="290" count="0" type="stmt"/>
        <line num="293" count="0" type="stmt"/>
        <line num="301" count="0" type="stmt"/>
        <line num="302" count="0" type="cond" truecount="0" falsecount="2"/>
        <line num="304" count="0" type="stmt"/>
        <line num="305" count="0" type="stmt"/>
        <line num="306" count="0" type="stmt"/>
        <line num="308" count="0" type="stmt"/>
        <line num="309" count="0" type="cond" truecount="0" falsecount="2"/>
        <line num="310" count="0" type="cond" truecount="0" falsecount="2"/>
        <line num="311" count="0" type="stmt"/>
        <line num="313" count="0" type="stmt"/>
        <line num="314" count="0" type="stmt"/>
        <line num="317" count="0" type="stmt"/>
        <line num="319" count="0" type="stmt"/>
        <line num="321" count="0" type="stmt"/>
        <line num="322" count="0" type="cond" truecount="0" falsecount="2"/>
        <line num="323" count="0" type="cond" truecount="0" falsecount="2"/>
        <line num="324" count="0" type="stmt"/>
        <line num="333" count="0" type="stmt"/>
        <line num="334" count="0" type="stmt"/>
        <line num="336" count="0" type="cond" truecount="0" falsecount="2"/>
        <line num="337" count="0" type="stmt"/>
        <line num="338" count="0" type="stmt"/>
        <line num="342" count="0" type="stmt"/>
        <line num="343" count="0" type="stmt"/>
        <line num="344" count="0" type="cond" truecount="0" falsecount="2"/>
        <line num="345" count="0" type="stmt"/>
        <line num="346" count="0" type="cond" truecount="0" falsecount="2"/>
        <line num="347" count="0" type="stmt"/>
        <line num="351" count="0" type="stmt"/>
        <line num="352" count="0" type="cond" truecount="0" falsecount="2"/>
        <line num="353" count="0" type="cond" truecount="0" falsecount="2"/>
        <line num="354" count="0" type="stmt"/>
        <line num="356" count="0" type="stmt"/>
        <line num="362" count="0" type="stmt"/>
        <line num="363" count="0" type="cond" truecount="0" falsecount="4"/>
        <line num="364" count="0" type="stmt"/>
        <line num="365" count="0" type="cond" truecount="0" falsecount="2"/>
        <line num="366" count="0" type="stmt"/>
        <line num="371" count="0" type="stmt"/>
        <line num="375" count="0" type="stmt"/>
        <line num="376" count="0" type="stmt"/>
        <line num="377" count="0" type="cond" truecount="0" falsecount="2"/>
        <line num="379" count="0" type="cond" truecount="0" falsecount="2"/>
        <line num="380" count="0" type="cond" truecount="0" falsecount="2"/>
        <line num="381" count="0" type="stmt"/>
        <line num="382" count="0" type="cond" truecount="0" falsecount="2"/>
        <line num="386" count="0" type="stmt"/>
        <line num="387" count="0" type="cond" truecount="0" falsecount="2"/>
        <line num="391" count="0" type="stmt"/>
        <line num="392" count="0" type="stmt"/>
        <line num="393" count="0" type="stmt"/>
        <line num="397" count="0" type="stmt"/>
        <line num="398" count="0" type="stmt"/>
        <line num="399" count="0" type="stmt"/>
      </file>
    </package>
    <package name="workers">
      <metrics statements="254" coveredstatements="150" conditionals="147" coveredconditionals="77" methods="31" coveredmethods="22"/>
      <file name="distributions.ts" path="C:\Users\danie\OneDrive\dev\RiskWeb\frontend\src\workers\distributions.ts">
        <metrics statements="31" coveredstatements="30" conditionals="11" coveredconditionals="10" methods="6" coveredmethods="6"/>
        <line num="8" count="200416" type="cond" truecount="1" falsecount="1"/>
        <line num="9" count="0" type="stmt"/>
        <line num="12" count="200416" type="stmt"/>
        <line num="13" count="200416" type="stmt"/>
        <line num="15" count="200416" type="stmt"/>
        <line num="18" count="202610" type="stmt"/>
        <line num="19" count="202610" type="stmt"/>
        <line num="20" count="202610" type="stmt"/>
        <line num="23" count="202610" type="stmt"/>
        <line num="24" count="202610" type="stmt"/>
        <line num="25" count="202610" type="cond" truecount="2" falsecount="0"/>
        <line num="26" count="16767" type="cond" truecount="2" falsecount="0"/>
        <line num="32" count="262610" type="stmt"/>
        <line num="33" count="262610" type="stmt"/>
        <line num="34" count="262610" type="stmt"/>
        <line num="38" count="100308" type="cond" truecount="2" falsecount="0"/>
        <line num="40" count="100208" type="stmt"/>
        <line num="41" count="100208" type="stmt"/>
        <line num="42" count="100208" type="stmt"/>
        <line num="43" count="100208" type="stmt"/>
        <line num="45" count="100208" type="stmt"/>
        <line num="46" count="100208" type="stmt"/>
        <line num="47" count="100208" type="stmt"/>
        <line num="49" count="100208" type="stmt"/>
        <line num="53" count="60000" type="stmt"/>
        <line num="54" count="60000" type="stmt"/>
        <line num="58" count="10034" type="stmt"/>
        <line num="62" count="170342" type="cond" truecount="3" falsecount="0"/>
        <line num="64" count="100308" type="stmt"/>
        <line num="66" count="60000" type="stmt"/>
        <line num="68" count="10034" type="stmt"/>
      </file>
      <file name="fairEngine.ts" path="C:\Users\danie\OneDrive\dev\RiskWeb\frontend\src\workers\fairEngine.ts">
        <metrics statements="118" coveredstatements="114" conditionals="76" coveredconditionals="67" methods="14" coveredmethods="14"/>
        <line num="20" count="29" type="stmt"/>
        <line num="21" count="29" type="stmt"/>
        <line num="23" count="29" type="stmt"/>
        <line num="24" count="56" type="stmt"/>
        <line num="25" count="56" type="stmt"/>
        <line num="28" count="29" type="stmt"/>
        <line num="29" count="28" type="stmt"/>
        <line num="30" count="28" type="cond" truecount="1" falsecount="1"/>
        <line num="38" count="29" type="stmt"/>
        <line num="39" count="29" type="stmt"/>
        <line num="41" count="29" type="stmt"/>
        <line num="42" count="56" type="stmt"/>
        <line num="43" count="56" type="stmt"/>
        <line num="46" count="29" type="stmt"/>
        <line num="48" count="28" type="stmt"/>
        <line num="49" count="28" type="cond" truecount="1" falsecount="1"/>
        <line num="53" count="29" type="stmt"/>
        <line num="54" count="29" type="stmt"/>
        <line num="55" count="56" type="cond" truecount="2" falsecount="0"/>
        <line num="56" count="38" type="stmt"/>
        <line num="60" count="29" type="stmt"/>
        <line num="61" count="29" type="stmt"/>
        <line num="62" count="52" type="stmt"/>
        <line num="63" count="52" type="stmt"/>
        <line num="65" count="52" type="cond" truecount="1" falsecount="1"/>
        <line num="66" count="24" type="stmt"/>
        <line num="67" count="24" type="stmt"/>
        <line num="68" count="24" type="cond" truecount="2" falsecount="0"/>
        <line num="69" count="14" type="stmt"/>
        <line num="74" count="29" type="cond" truecount="2" falsecount="0"/>
        <line num="75" count="2" type="stmt"/>
        <line num="78" count="27" type="stmt"/>
        <line num="94" count="60036" type="stmt"/>
        <line num="95" count="20018" type="stmt"/>
        <line num="98" count="20018" type="stmt"/>
        <line num="99" count="60036" type="stmt"/>
        <line num="100" count="20018" type="stmt"/>
        <line num="101" count="40018" type="stmt"/>
        <line num="104" count="20018" type="stmt"/>
        <line num="105" count="60036" type="stmt"/>
        <line num="107" count="60036" type="cond" truecount="2" falsecount="0"/>
        <line num="108" count="40027" type="cond" truecount="2" falsecount="0"/>
        <line num="109" count="1" type="stmt"/>
        <line num="110" count="1" type="stmt"/>
        <line num="112" count="40026" type="stmt"/>
        <line num="115" count="40026" type="stmt"/>
        <line num="116" count="40027" type="cond" truecount="4" falsecount="0"/>
        <line num="117" count="10009" type="stmt"/>
        <line num="118" count="10009" type="stmt"/>
        <line num="119" count="10011" type="cond" truecount="2" falsecount="0"/>
        <line num="120" count="10009" type="stmt"/>
        <line num="121" count="10009" type="cond" truecount="2" falsecount="0"/>
        <line num="122" count="10008" type="cond" truecount="2" falsecount="0"/>
        <line num="123" count="10011" type="stmt"/>
        <line num="124" count="10011" type="stmt"/>
        <line num="126" count="10009" type="stmt"/>
        <line num="127" count="10009" type="stmt"/>
        <line num="130" count="40026" type="stmt"/>
        <line num="133" count="20009" type="cond" truecount="1" falsecount="1"/>
        <line num="134" count="40018" type="stmt"/>
        <line num="136" count="20009" type="cond" truecount="1" falsecount="1"/>
        <line num="137" count="0" type="stmt"/>
        <line num="138" count="0" type="stmt"/>
        <line num="143" count="20009" type="cond" truecount="2" falsecount="0"/>
        <line num="145" count="2" type="stmt"/>
        <line num="148" count="40014" type="stmt"/>
        <line num="149" count="20008" type="cond" truecount="2" falsecount="0"/>
        <line num="150" count="4" type="stmt"/>
        <line num="151" count="4" type="stmt"/>
        <line num="152" count="2" type="stmt"/>
        <line num="154" count="40012" type="stmt"/>
        <line num="159" count="20009" type="cond" truecount="1" falsecount="1"/>
        <line num="161" count="20009" type="stmt"/>
        <line num="165" count="20018" type="stmt"/>
        <line num="178" count="8" type="cond" truecount="2" falsecount="0"/>
        <line num="180" count="7" type="stmt"/>
        <line num="181" count="7" type="stmt"/>
        <line num="182" count="8" type="cond" truecount="2" falsecount="0"/>
        <line num="183" count="7" type="stmt"/>
        <line num="184" count="7" type="cond" truecount="4" falsecount="0"/>
        <line num="185" count="6" type="cond" truecount="2" falsecount="0"/>
        <line num="186" count="8" type="stmt"/>
        <line num="187" count="8" type="stmt"/>
        <line num="189" count="7" type="stmt"/>
        <line num="190" count="7" type="stmt"/>
        <line num="197" count="12" type="stmt"/>
        <line num="198" count="12" type="cond" truecount="2" falsecount="0"/>
        <line num="199" count="7" type="stmt"/>
        <line num="200" count="7" type="cond" truecount="6" falsecount="0"/>
        <line num="201" count="1" type="stmt"/>
        <line num="203" count="5" type="cond" truecount="2" falsecount="2"/>
        <line num="204" count="0" type="stmt"/>
        <line num="205" count="5" type="cond" truecount="3" falsecount="1"/>
        <line num="206" count="0" type="stmt"/>
        <line num="208" count="12" type="stmt"/>
        <line num="221" count="9" type="stmt"/>
        <line num="223" count="9" type="cond" truecount="2" falsecount="0"/>
        <line num="224" count="1" type="stmt"/>
        <line num="225" count="1" type="stmt"/>
        <line num="229" count="8" type="stmt"/>
        <line num="230" count="12" type="stmt"/>
        <line num="231" count="8" type="cond" truecount="2" falsecount="0"/>
        <line num="232" count="2" type="stmt"/>
        <line num="236" count="8" type="stmt"/>
        <line num="237" count="8" type="stmt"/>
        <line num="239" count="1" type="stmt"/>
        <line num="243" count="8" type="cond" truecount="2" falsecount="0"/>
        <line num="244" count="1" type="stmt"/>
        <line num="246" count="7" type="stmt"/>
        <line num="250" count="8" type="stmt"/>
        <line num="251" count="12" type="cond" truecount="2" falsecount="0"/>
        <line num="252" count="6" type="cond" truecount="2" falsecount="0"/>
        <line num="253" count="1" type="stmt"/>
        <line num="254" count="1" type="stmt"/>
        <line num="256" count="5" type="stmt"/>
        <line num="261" count="8" type="cond" truecount="4" falsecount="0"/>
        <line num="262" count="2" type="stmt"/>
        <line num="265" count="8" type="stmt"/>
      </file>
      <file name="prng.ts" path="C:\Users\danie\OneDrive\dev\RiskWeb\frontend\src\workers\prng.ts">
        <metrics statements="6" coveredstatements="6" conditionals="0" coveredconditionals="0" methods="2" coveredmethods="2"/>
        <line num="3" count="20035" type="stmt"/>
        <line num="4" count="727830" type="stmt"/>
        <line num="5" count="727830" type="stmt"/>
        <line num="6" count="727830" type="stmt"/>
        <line num="7" count="727830" type="stmt"/>
        <line num="8" count="727830" type="stmt"/>
      </file>
      <file name="simulation.worker.ts" path="C:\Users\danie\OneDrive\dev\RiskWeb\frontend\src\workers\simulation.worker.ts">
        <metrics statements="99" coveredstatements="0" conditionals="60" coveredconditionals="0" methods="9" coveredmethods="0"/>
        <line num="18" count="0" type="stmt"/>
        <line num="20" count="0" type="stmt"/>
        <line num="21" count="0" type="cond" truecount="0" falsecount="2"/>
        <line num="22" count="0" type="stmt"/>
        <line num="23" count="0" type="stmt"/>
        <line num="26" count="0" type="cond" truecount="0" falsecount="2"/>
        <line num="27" count="0" type="stmt"/>
        <line num="28" count="0" type="cond" truecount="0" falsecount="2"/>
        <line num="33" count="0" type="stmt"/>
        <line num="34" count="0" type="stmt"/>
        <line num="37" count="0" type="stmt"/>
        <line num="38" count="0" type="cond" truecount="0" falsecount="2"/>
        <line num="39" count="0" type="stmt"/>
        <line num="40" count="0" type="stmt"/>
        <line num="44" count="0" type="cond" truecount="0" falsecount="2"/>
        <line num="48" count="0" type="stmt"/>
        <line num="49" count="0" type="stmt"/>
        <line num="51" count="0" type="stmt"/>
        <line num="52" count="0" type="stmt"/>
        <line num="56" count="0" type="stmt"/>
        <line num="57" count="0" type="stmt"/>
        <line num="59" count="0" type="stmt"/>
        <line num="60" count="0" type="stmt"/>
        <line num="61" count="0" type="stmt"/>
        <line num="63" count="0" type="cond" truecount="0" falsecount="4"/>
        <line num="64" count="0" type="stmt"/>
        <line num="65" count="0" type="cond" truecount="0" falsecount="2"/>
        <line num="66" count="0" type="stmt"/>
        <line num="67" count="0" type="cond" truecount="0" falsecount="2"/>
        <line num="68" count="0" type="stmt"/>
        <line num="71" count="0" type="cond" truecount="0" falsecount="2"/>
        <line num="72" count="0" type="stmt"/>
        <line num="73" count="0" type="stmt"/>
        <line num="76" count="0" type="stmt"/>
        <line num="77" count="0" type="cond" truecount="0" falsecount="2"/>
        <line num="78" count="0" type="stmt"/>
        <line num="84" count="0" type="stmt"/>
        <line num="86" count="0" type="stmt"/>
        <line num="89" count="0" type="stmt"/>
        <line num="90" count="0" type="stmt"/>
        <line num="91" count="0" type="stmt"/>
        <line num="93" count="0" type="stmt"/>
        <line num="94" count="0" type="stmt"/>
        <line num="95" count="0" type="stmt"/>
        <line num="97" count="0" type="stmt"/>
        <line num="99" count="0" type="cond" truecount="0" falsecount="4"/>
        <line num="100" count="0" type="stmt"/>
        <line num="104" count="0" type="stmt"/>
        <line num="107" count="0" type="stmt"/>
        <line num="108" count="0" type="stmt"/>
        <line num="111" count="0" type="stmt"/>
        <line num="112" count="0" type="stmt"/>
        <line num="113" count="0" type="cond" truecount="0" falsecount="2"/>
        <line num="116" count="0" type="stmt"/>
        <line num="117" count="0" type="stmt"/>
        <line num="121" count="0" type="cond" truecount="0" falsecount="4"/>
        <line num="122" count="0" type="stmt"/>
        <line num="123" count="0" type="stmt"/>
        <line num="124" count="0" type="cond" truecount="0" falsecount="2"/>
        <line num="126" count="0" type="cond" truecount="0" falsecount="2"/>
        <line num="128" count="0" type="stmt"/>
        <line num="129" count="0" type="stmt"/>
        <line num="130" count="0" type="cond" truecount="0" falsecount="2"/>
        <line num="131" count="0" type="stmt"/>
        <line num="132" count="0" type="cond" truecount="0" falsecount="2"/>
        <line num="133" count="0" type="cond" truecount="0" falsecount="2"/>
        <line num="134" count="0" type="stmt"/>
        <line num="135" count="0" type="cond" truecount="0" falsecount="2"/>
        <line num="136" count="0" type="cond" truecount="0" falsecount="2"/>
        <line num="137" count="0" type="stmt"/>
        <line num="139" count="0" type="cond" truecount="0" falsecount="2"/>
        <line num="140" count="0" type="cond" truecount="0" falsecount="2"/>
        <line num="141" count="0" type="stmt"/>
        <line num="144" count="0" type="stmt"/>
        <line num="151" count="0" type="cond" truecount="0" falsecount="2"/>
        <line num="152" count="0" type="stmt"/>
        <line num="153" count="0" type="stmt"/>
        <line num="157" count="0" type="cond" truecount="0" falsecount="2"/>
        <line num="159" count="0" type="stmt"/>
        <line num="162" count="0" type="stmt"/>
        <line num="163" count="0" type="stmt"/>
        <line num="164" count="0" type="stmt"/>
        <line num="165" count="0" type="stmt"/>
        <line num="166" count="0" type="stmt"/>
        <line num="167" count="0" type="stmt"/>
        <line num="170" count="0" type="stmt"/>
        <line num="182" count="0" type="stmt"/>
        <line num="189" count="0" type="stmt"/>
        <line num="190" count="0" type="cond" truecount="0" falsecount="2"/>
        <line num="191" count="0" type="stmt"/>
        <line num="194" count="0" type="stmt"/>
        <line num="195" count="0" type="stmt"/>
        <line num="196" count="0" type="cond" truecount="0" falsecount="2"/>
        <line num="198" count="0" type="stmt"/>
        <line num="199" count="0" type="stmt"/>
        <line num="200" count="0" type="stmt"/>
        <line num="201" count="0" type="stmt"/>
        <line num="202" count="0" type="stmt"/>
        <line num="205" count="0" type="stmt"/>
      </file>
    </package>
  </project>
</coverage>
