{"C:\\Users\\danie\\OneDrive\\dev\\RiskWeb\\frontend\\src\\services\\catalog.ts": {"path":"C:\\Users\\danie\\OneDrive\\dev\\RiskWeb\\frontend\\src\\services\\catalog.ts","statementMap":{"0":{"start":{"line":15,"column":22},"end":{"line":15,"column":null}},"1":{"start":{"line":25,"column":19},"end":{"line":25,"column":null}},"2":{"start":{"line":30,"column":27},"end":{"line":30,"column":null}},"3":{"start":{"line":31,"column":0},"end":{"line":37,"column":null}},"4":{"start":{"line":32,"column":2},"end":{"line":36,"column":null}},"5":{"start":{"line":33,"column":21},"end":{"line":33,"column":null}},"6":{"start":{"line":34,"column":4},"end":{"line":34,"column":null}},"7":{"start":{"line":35,"column":4},"end":{"line":35,"column":null}},"8":{"start":{"line":42,"column":19},"end":{"line":42,"column":null}},"9":{"start":{"line":43,"column":2},"end":{"line":45,"column":null}},"10":{"start":{"line":44,"column":4},"end":{"line":44,"column":null}},"11":{"start":{"line":44,"column":42},"end":{"line":44,"column":61}},"12":{"start":{"line":46,"column":2},"end":{"line":52,"column":null}},"13":{"start":{"line":46,"column":32},"end":{"line":52,"column":4}},"14":{"start":{"line":56,"column":12},"end":{"line":56,"column":null}},"15":{"start":{"line":56,"column":52},"end":{"line":56,"column":66}},"16":{"start":{"line":57,"column":2},"end":{"line":57,"column":null}},"17":{"start":{"line":57,"column":10},"end":{"line":57,"column":null}},"18":{"start":{"line":58,"column":2},"end":{"line":64,"column":null}},"19":{"start":{"line":68,"column":2},"end":{"line":73,"column":null}},"20":{"start":{"line":68,"column":41},"end":{"line":73,"column":4}},"21":{"start":{"line":77,"column":12},"end":{"line":77,"column":null}},"22":{"start":{"line":77,"column":46},"end":{"line":77,"column":59}},"23":{"start":{"line":78,"column":2},"end":{"line":78,"column":null}},"24":{"start":{"line":78,"column":10},"end":{"line":78,"column":null}},"25":{"start":{"line":79,"column":2},"end":{"line":79,"column":null}},"26":{"start":{"line":83,"column":39},"end":{"line":83,"column":null}},"27":{"start":{"line":84,"column":2},"end":{"line":98,"column":null}},"28":{"start":{"line":85,"column":4},"end":{"line":97,"column":null}},"29":{"start":{"line":86,"column":6},"end":{"line":86,"column":null}},"30":{"start":{"line":86,"column":44},"end":{"line":86,"column":null}},"31":{"start":{"line":87,"column":6},"end":{"line":87,"column":null}},"32":{"start":{"line":87,"column":43},"end":{"line":87,"column":null}},"33":{"start":{"line":88,"column":50},"end":{"line":95,"column":null}},"34":{"start":{"line":96,"column":6},"end":{"line":96,"column":null}},"35":{"start":{"line":99,"column":2},"end":{"line":99,"column":null}}},"fnMap":{"0":{"name":"getAttackTechniques","decl":{"start":{"line":41,"column":16},"end":{"line":41,"column":36}},"loc":{"start":{"line":41,"column":72},"end":{"line":53,"column":null}},"line":41},"1":{"name":"(anonymous_1)","decl":{"start":{"line":44,"column":28},"end":{"line":44,"column":36}},"loc":{"start":{"line":44,"column":42},"end":{"line":44,"column":61}},"line":44},"2":{"name":"(anonymous_2)","decl":{"start":{"line":46,"column":20},"end":{"line":46,"column":25}},"loc":{"start":{"line":46,"column":32},"end":{"line":52,"column":4}},"line":46},"3":{"name":"getAttackTechnique","decl":{"start":{"line":55,"column":16},"end":{"line":55,"column":35}},"loc":{"start":{"line":55,"column":76},"end":{"line":65,"column":null}},"line":55},"4":{"name":"(anonymous_4)","decl":{"start":{"line":56,"column":37},"end":{"line":56,"column":43}},"loc":{"start":{"line":56,"column":52},"end":{"line":56,"column":66}},"line":56},"5":{"name":"getD3fendTechniques","decl":{"start":{"line":67,"column":16},"end":{"line":67,"column":57}},"loc":{"start":{"line":67,"column":57},"end":{"line":74,"column":null}},"line":67},"6":{"name":"(anonymous_6)","decl":{"start":{"line":68,"column":29},"end":{"line":68,"column":34}},"loc":{"start":{"line":68,"column":41},"end":{"line":73,"column":4}},"line":68},"7":{"name":"getD3fendTechnique","decl":{"start":{"line":76,"column":16},"end":{"line":76,"column":35}},"loc":{"start":{"line":76,"column":76},"end":{"line":80,"column":null}},"line":76},"8":{"name":"(anonymous_8)","decl":{"start":{"line":77,"column":32},"end":{"line":77,"column":38}},"loc":{"start":{"line":77,"column":46},"end":{"line":77,"column":59}},"line":77},"9":{"name":"getMappings","decl":{"start":{"line":82,"column":16},"end":{"line":82,"column":28}},"loc":{"start":{"line":82,"column":86},"end":{"line":100,"column":null}},"line":82}},"branchMap":{"0":{"loc":{"start":{"line":33,"column":21},"end":{"line":33,"column":null}},"type":"binary-expr","locations":[{"start":{"line":33,"column":21},"end":{"line":33,"column":57}},{"start":{"line":33,"column":57},"end":{"line":33,"column":null}}],"line":33},"1":{"loc":{"start":{"line":43,"column":2},"end":{"line":45,"column":null}},"type":"if","locations":[{"start":{"line":43,"column":2},"end":{"line":45,"column":null}},{"start":{},"end":{}}],"line":43},"2":{"loc":{"start":{"line":51,"column":27},"end":{"line":51,"column":null}},"type":"binary-expr","locations":[{"start":{"line":51,"column":27},"end":{"line":51,"column":59}},{"start":{"line":51,"column":59},"end":{"line":51,"column":null}}],"line":51},"3":{"loc":{"start":{"line":57,"column":2},"end":{"line":57,"column":null}},"type":"if","locations":[{"start":{"line":57,"column":2},"end":{"line":57,"column":null}},{"start":{},"end":{}}],"line":57},"4":{"loc":{"start":{"line":63,"column":27},"end":{"line":63,"column":null}},"type":"binary-expr","locations":[{"start":{"line":63,"column":27},"end":{"line":63,"column":59}},{"start":{"line":63,"column":59},"end":{"line":63,"column":null}}],"line":63},"5":{"loc":{"start":{"line":78,"column":2},"end":{"line":78,"column":null}},"type":"if","locations":[{"start":{"line":78,"column":2},"end":{"line":78,"column":null}},{"start":{},"end":{}}],"line":78},"6":{"loc":{"start":{"line":86,"column":6},"end":{"line":86,"column":null}},"type":"if","locations":[{"start":{"line":86,"column":6},"end":{"line":86,"column":null}},{"start":{},"end":{}}],"line":86},"7":{"loc":{"start":{"line":86,"column":10},"end":{"line":86,"column":44}},"type":"binary-expr","locations":[{"start":{"line":86,"column":10},"end":{"line":86,"column":22}},{"start":{"line":86,"column":22},"end":{"line":86,"column":44}}],"line":86},"8":{"loc":{"start":{"line":87,"column":6},"end":{"line":87,"column":null}},"type":"if","locations":[{"start":{"line":87,"column":6},"end":{"line":87,"column":null}},{"start":{},"end":{}}],"line":87},"9":{"loc":{"start":{"line":87,"column":10},"end":{"line":87,"column":43}},"type":"binary-expr","locations":[{"start":{"line":87,"column":10},"end":{"line":87,"column":22}},{"start":{"line":87,"column":22},"end":{"line":87,"column":43}}],"line":87}},"s":{"0":1,"1":1,"2":1,"3":1,"4":20,"5":47,"6":47,"7":47,"8":6,"9":6,"10":2,"11":48,"12":6,"13":104,"14":2,"15":25,"16":2,"17":1,"18":1,"19":2,"20":40,"21":2,"22":21,"23":2,"24":1,"25":1,"26":6,"27":6,"28":120,"29":282,"30":133,"31":149,"32":47,"33":102,"34":102,"35":6},"f":{"0":6,"1":48,"2":104,"3":2,"4":25,"5":2,"6":40,"7":2,"8":21,"9":6},"b":{"0":[47,24],"1":[2,4],"2":[104,0],"3":[1,1],"4":[1,0],"5":[1,1],"6":[133,149],"7":[282,141],"8":[47,102],"9":[149,51]},"meta":{"lastBranch":10,"lastFunction":10,"lastStatement":36,"seen":{"s:15:22:15:Infinity":0,"s:25:19:25:Infinity":1,"s:30:27:30:Infinity":2,"s:31:0:37:Infinity":3,"s:32:2:36:Infinity":4,"s:33:21:33:Infinity":5,"b:33:21:33:57:33:57:33:Infinity":0,"s:34:4:34:Infinity":6,"s:35:4:35:Infinity":7,"f:41:16:41:36":0,"s:42:19:42:Infinity":8,"b:43:2:45:Infinity:undefined:undefined:undefined:undefined":1,"s:43:2:45:Infinity":9,"s:44:4:44:Infinity":10,"f:44:28:44:36":1,"s:44:42:44:61":11,"s:46:2:52:Infinity":12,"f:46:20:46:25":2,"s:46:32:52:4":13,"b:51:27:51:59:51:59:51:Infinity":2,"f:55:16:55:35":3,"s:56:12:56:Infinity":14,"f:56:37:56:43":4,"s:56:52:56:66":15,"b:57:2:57:Infinity:undefined:undefined:undefined:undefined":3,"s:57:2:57:Infinity":16,"s:57:10:57:Infinity":17,"s:58:2:64:Infinity":18,"b:63:27:63:59:63:59:63:Infinity":4,"f:67:16:67:57":5,"s:68:2:73:Infinity":19,"f:68:29:68:34":6,"s:68:41:73:4":20,"f:76:16:76:35":7,"s:77:12:77:Infinity":21,"f:77:32:77:38":8,"s:77:46:77:59":22,"b:78:2:78:Infinity:undefined:undefined:undefined:undefined":5,"s:78:2:78:Infinity":23,"s:78:10:78:Infinity":24,"s:79:2:79:Infinity":25,"f:82:16:82:28":9,"s:83:39:83:Infinity":26,"s:84:2:98:Infinity":27,"s:85:4:97:Infinity":28,"b:86:6:86:Infinity:undefined:undefined:undefined:undefined":6,"s:86:6:86:Infinity":29,"b:86:10:86:22:86:22:86:44":7,"s:86:44:86:Infinity":30,"b:87:6:87:Infinity:undefined:undefined:undefined:undefined":8,"s:87:6:87:Infinity":31,"b:87:10:87:22:87:22:87:43":9,"s:87:43:87:Infinity":32,"s:88:50:95:Infinity":33,"s:96:6:96:Infinity":34,"s:99:2:99:Infinity":35}}}
,"C:\\Users\\danie\\OneDrive\\dev\\RiskWeb\\frontend\\src\\services\\validate.ts": {"path":"C:\\Users\\danie\\OneDrive\\dev\\RiskWeb\\frontend\\src\\services\\validate.ts","statementMap":{"0":{"start":{"line":4,"column":2},"end":{"line":4,"column":null}},"1":{"start":{"line":4,"column":41},"end":{"line":4,"column":null}},"2":{"start":{"line":5,"column":12},"end":{"line":5,"column":null}},"3":{"start":{"line":7,"column":2},"end":{"line":7,"column":null}},"4":{"start":{"line":7,"column":53},"end":{"line":7,"column":null}},"5":{"start":{"line":8,"column":2},"end":{"line":8,"column":null}},"6":{"start":{"line":8,"column":80},"end":{"line":8,"column":null}},"7":{"start":{"line":9,"column":2},"end":{"line":9,"column":null}},"8":{"start":{"line":9,"column":31},"end":{"line":9,"column":null}},"9":{"start":{"line":10,"column":2},"end":{"line":10,"column":null}},"10":{"start":{"line":10,"column":31},"end":{"line":10,"column":null}},"11":{"start":{"line":12,"column":2},"end":{"line":17,"column":null}},"12":{"start":{"line":17,"column":4},"end":{"line":17,"column":null}},"13":{"start":{"line":19,"column":2},"end":{"line":24,"column":null}},"14":{"start":{"line":20,"column":4},"end":{"line":20,"column":null}},"15":{"start":{"line":20,"column":43},"end":{"line":20,"column":null}},"16":{"start":{"line":21,"column":4},"end":{"line":21,"column":null}},"17":{"start":{"line":21,"column":37},"end":{"line":21,"column":null}},"18":{"start":{"line":22,"column":4},"end":{"line":22,"column":null}},"19":{"start":{"line":22,"column":52},"end":{"line":22,"column":null}},"20":{"start":{"line":23,"column":4},"end":{"line":23,"column":null}},"21":{"start":{"line":23,"column":40},"end":{"line":23,"column":null}},"22":{"start":{"line":26,"column":2},"end":{"line":31,"column":null}},"23":{"start":{"line":27,"column":4},"end":{"line":27,"column":null}},"24":{"start":{"line":27,"column":43},"end":{"line":27,"column":null}},"25":{"start":{"line":28,"column":4},"end":{"line":28,"column":null}},"26":{"start":{"line":28,"column":37},"end":{"line":28,"column":null}},"27":{"start":{"line":29,"column":4},"end":{"line":29,"column":null}},"28":{"start":{"line":29,"column":43},"end":{"line":29,"column":null}},"29":{"start":{"line":30,"column":4},"end":{"line":30,"column":null}},"30":{"start":{"line":30,"column":43},"end":{"line":30,"column":null}},"31":{"start":{"line":33,"column":2},"end":{"line":33,"column":null}}},"fnMap":{"0":{"name":"validateScenario","decl":{"start":{"line":3,"column":16},"end":{"line":3,"column":33}},"loc":{"start":{"line":3,"column":66},"end":{"line":34,"column":null}},"line":3}},"branchMap":{"0":{"loc":{"start":{"line":4,"column":2},"end":{"line":4,"column":null}},"type":"if","locations":[{"start":{"line":4,"column":2},"end":{"line":4,"column":null}},{"start":{},"end":{}}],"line":4},"1":{"loc":{"start":{"line":4,"column":6},"end":{"line":4,"column":41}},"type":"binary-expr","locations":[{"start":{"line":4,"column":6},"end":{"line":4,"column":15}},{"start":{"line":4,"column":15},"end":{"line":4,"column":41}}],"line":4},"2":{"loc":{"start":{"line":7,"column":2},"end":{"line":7,"column":null}},"type":"if","locations":[{"start":{"line":7,"column":2},"end":{"line":7,"column":null}},{"start":{},"end":{}}],"line":7},"3":{"loc":{"start":{"line":7,"column":6},"end":{"line":7,"column":53}},"type":"binary-expr","locations":[{"start":{"line":7,"column":6},"end":{"line":7,"column":34}},{"start":{"line":7,"column":34},"end":{"line":7,"column":53}}],"line":7},"4":{"loc":{"start":{"line":8,"column":2},"end":{"line":8,"column":null}},"type":"if","locations":[{"start":{"line":8,"column":2},"end":{"line":8,"column":null}},{"start":{},"end":{}}],"line":8},"5":{"loc":{"start":{"line":8,"column":6},"end":{"line":8,"column":80}},"type":"binary-expr","locations":[{"start":{"line":8,"column":6},"end":{"line":8,"column":36}},{"start":{"line":8,"column":36},"end":{"line":8,"column":59}},{"start":{"line":8,"column":59},"end":{"line":8,"column":80}}],"line":8},"6":{"loc":{"start":{"line":9,"column":2},"end":{"line":9,"column":null}},"type":"if","locations":[{"start":{"line":9,"column":2},"end":{"line":9,"column":null}},{"start":{},"end":{}}],"line":9},"7":{"loc":{"start":{"line":10,"column":2},"end":{"line":10,"column":null}},"type":"if","locations":[{"start":{"line":10,"column":2},"end":{"line":10,"column":null}},{"start":{},"end":{}}],"line":10},"8":{"loc":{"start":{"line":12,"column":2},"end":{"line":17,"column":null}},"type":"if","locations":[{"start":{"line":12,"column":2},"end":{"line":17,"column":null}},{"start":{},"end":{}}],"line":12},"9":{"loc":{"start":{"line":13,"column":4},"end":{"line":15,"column":null}},"type":"binary-expr","locations":[{"start":{"line":13,"column":4},"end":{"line":13,"column":null}},{"start":{"line":14,"column":4},"end":{"line":14,"column":null}},{"start":{"line":15,"column":4},"end":{"line":15,"column":null}}],"line":13},"10":{"loc":{"start":{"line":20,"column":4},"end":{"line":20,"column":null}},"type":"if","locations":[{"start":{"line":20,"column":4},"end":{"line":20,"column":null}},{"start":{},"end":{}}],"line":20},"11":{"loc":{"start":{"line":20,"column":8},"end":{"line":20,"column":43}},"type":"binary-expr","locations":[{"start":{"line":20,"column":8},"end":{"line":20,"column":17}},{"start":{"line":20,"column":17},"end":{"line":20,"column":43}}],"line":20},"12":{"loc":{"start":{"line":21,"column":4},"end":{"line":21,"column":null}},"type":"if","locations":[{"start":{"line":21,"column":4},"end":{"line":21,"column":null}},{"start":{},"end":{}}],"line":21},"13":{"loc":{"start":{"line":22,"column":4},"end":{"line":22,"column":null}},"type":"if","locations":[{"start":{"line":22,"column":4},"end":{"line":22,"column":null}},{"start":{},"end":{}}],"line":22},"14":{"loc":{"start":{"line":23,"column":4},"end":{"line":23,"column":null}},"type":"if","locations":[{"start":{"line":23,"column":4},"end":{"line":23,"column":null}},{"start":{},"end":{}}],"line":23},"15":{"loc":{"start":{"line":27,"column":4},"end":{"line":27,"column":null}},"type":"if","locations":[{"start":{"line":27,"column":4},"end":{"line":27,"column":null}},{"start":{},"end":{}}],"line":27},"16":{"loc":{"start":{"line":27,"column":8},"end":{"line":27,"column":43}},"type":"binary-expr","locations":[{"start":{"line":27,"column":8},"end":{"line":27,"column":17}},{"start":{"line":27,"column":17},"end":{"line":27,"column":43}}],"line":27},"17":{"loc":{"start":{"line":28,"column":4},"end":{"line":28,"column":null}},"type":"if","locations":[{"start":{"line":28,"column":4},"end":{"line":28,"column":null}},{"start":{},"end":{}}],"line":28},"18":{"loc":{"start":{"line":29,"column":4},"end":{"line":29,"column":null}},"type":"if","locations":[{"start":{"line":29,"column":4},"end":{"line":29,"column":null}},{"start":{},"end":{}}],"line":29},"19":{"loc":{"start":{"line":30,"column":4},"end":{"line":30,"column":null}},"type":"if","locations":[{"start":{"line":30,"column":4},"end":{"line":30,"column":null}},{"start":{},"end":{}}],"line":30}},"s":{"0":10,"1":2,"2":8,"3":8,"4":1,"5":7,"6":2,"7":5,"8":1,"9":4,"10":0,"11":4,"12":1,"13":3,"14":3,"15":0,"16":3,"17":0,"18":3,"19":1,"20":2,"21":0,"22":2,"23":1,"24":0,"25":1,"26":0,"27":1,"28":1,"29":0,"30":0,"31":1},"f":{"0":10},"b":{"0":[2,8],"1":[10,8],"2":[1,7],"3":[8,7],"4":[2,5],"5":[7,7,6],"6":[1,4],"7":[0,4],"8":[1,3],"9":[4,3,3],"10":[0,3],"11":[3,3],"12":[0,3],"13":[1,2],"14":[0,2],"15":[0,1],"16":[1,1],"17":[0,1],"18":[1,0],"19":[0,0]},"meta":{"lastBranch":20,"lastFunction":1,"lastStatement":32,"seen":{"f:3:16:3:33":0,"b:4:2:4:Infinity:undefined:undefined:undefined:undefined":0,"s:4:2:4:Infinity":0,"b:4:6:4:15:4:15:4:41":1,"s:4:41:4:Infinity":1,"s:5:12:5:Infinity":2,"b:7:2:7:Infinity:undefined:undefined:undefined:undefined":2,"s:7:2:7:Infinity":3,"b:7:6:7:34:7:34:7:53":3,"s:7:53:7:Infinity":4,"b:8:2:8:Infinity:undefined:undefined:undefined:undefined":4,"s:8:2:8:Infinity":5,"b:8:6:8:36:8:36:8:59:8:59:8:80":5,"s:8:80:8:Infinity":6,"b:9:2:9:Infinity:undefined:undefined:undefined:undefined":6,"s:9:2:9:Infinity":7,"s:9:31:9:Infinity":8,"b:10:2:10:Infinity:undefined:undefined:undefined:undefined":7,"s:10:2:10:Infinity":9,"s:10:31:10:Infinity":10,"b:12:2:17:Infinity:undefined:undefined:undefined:undefined":8,"s:12:2:17:Infinity":11,"b:13:4:13:Infinity:14:4:14:Infinity:15:4:15:Infinity":9,"s:17:4:17:Infinity":12,"s:19:2:24:Infinity":13,"b:20:4:20:Infinity:undefined:undefined:undefined:undefined":10,"s:20:4:20:Infinity":14,"b:20:8:20:17:20:17:20:43":11,"s:20:43:20:Infinity":15,"b:21:4:21:Infinity:undefined:undefined:undefined:undefined":12,"s:21:4:21:Infinity":16,"s:21:37:21:Infinity":17,"b:22:4:22:Infinity:undefined:undefined:undefined:undefined":13,"s:22:4:22:Infinity":18,"s:22:52:22:Infinity":19,"b:23:4:23:Infinity:undefined:undefined:undefined:undefined":14,"s:23:4:23:Infinity":20,"s:23:40:23:Infinity":21,"s:26:2:31:Infinity":22,"b:27:4:27:Infinity:undefined:undefined:undefined:undefined":15,"s:27:4:27:Infinity":23,"b:27:8:27:17:27:17:27:43":16,"s:27:43:27:Infinity":24,"b:28:4:28:Infinity:undefined:undefined:undefined:undefined":17,"s:28:4:28:Infinity":25,"s:28:37:28:Infinity":26,"b:29:4:29:Infinity:undefined:undefined:undefined:undefined":18,"s:29:4:29:Infinity":27,"s:29:43:29:Infinity":28,"b:30:4:30:Infinity:undefined:undefined:undefined:undefined":19,"s:30:4:30:Infinity":29,"s:30:43:30:Infinity":30,"s:33:2:33:Infinity":31}}}
,"C:\\Users\\danie\\OneDrive\\dev\\RiskWeb\\frontend\\src\\store\\controlStore.ts": {"path":"C:\\Users\\danie\\OneDrive\\dev\\RiskWeb\\frontend\\src\\store\\controlStore.ts","statementMap":{"0":{"start":{"line":33,"column":13},"end":{"line":156,"column":null}},"1":{"start":{"line":33,"column":67},"end":{"line":156,"column":2}},"2":{"start":{"line":41,"column":4},"end":{"line":41,"column":null}},"3":{"start":{"line":45,"column":4},"end":{"line":45,"column":null}},"4":{"start":{"line":46,"column":4},"end":{"line":51,"column":null}},"5":{"start":{"line":47,"column":23},"end":{"line":47,"column":null}},"6":{"start":{"line":48,"column":6},"end":{"line":48,"column":null}},"7":{"start":{"line":50,"column":6},"end":{"line":50,"column":null}},"8":{"start":{"line":55,"column":19},"end":{"line":55,"column":null}},"9":{"start":{"line":56,"column":4},"end":{"line":56,"column":null}},"10":{"start":{"line":56,"column":16},"end":{"line":56,"column":null}},"11":{"start":{"line":57,"column":20},"end":{"line":57,"column":null}},"12":{"start":{"line":58,"column":4},"end":{"line":62,"column":null}},"13":{"start":{"line":59,"column":23},"end":{"line":59,"column":null}},"14":{"start":{"line":60,"column":6},"end":{"line":60,"column":null}},"15":{"start":{"line":61,"column":6},"end":{"line":61,"column":null}},"16":{"start":{"line":63,"column":4},"end":{"line":63,"column":null}},"17":{"start":{"line":67,"column":20},"end":{"line":67,"column":null}},"18":{"start":{"line":68,"column":4},"end":{"line":72,"column":null}},"19":{"start":{"line":69,"column":23},"end":{"line":69,"column":null}},"20":{"start":{"line":70,"column":6},"end":{"line":70,"column":null}},"21":{"start":{"line":71,"column":6},"end":{"line":71,"column":null}},"22":{"start":{"line":73,"column":4},"end":{"line":73,"column":null}},"23":{"start":{"line":74,"column":4},"end":{"line":74,"column":null}},"24":{"start":{"line":78,"column":20},"end":{"line":78,"column":null}},"25":{"start":{"line":79,"column":4},"end":{"line":83,"column":null}},"26":{"start":{"line":80,"column":23},"end":{"line":80,"column":null}},"27":{"start":{"line":81,"column":6},"end":{"line":81,"column":null}},"28":{"start":{"line":82,"column":6},"end":{"line":82,"column":null}},"29":{"start":{"line":84,"column":4},"end":{"line":84,"column":null}},"30":{"start":{"line":85,"column":4},"end":{"line":85,"column":null}},"31":{"start":{"line":89,"column":4},"end":{"line":89,"column":null}},"32":{"start":{"line":90,"column":4},"end":{"line":94,"column":null}},"33":{"start":{"line":91,"column":23},"end":{"line":91,"column":null}},"34":{"start":{"line":92,"column":6},"end":{"line":92,"column":null}},"35":{"start":{"line":93,"column":6},"end":{"line":93,"column":null}},"36":{"start":{"line":95,"column":4},"end":{"line":95,"column":null}},"37":{"start":{"line":99,"column":4},"end":{"line":99,"column":null}},"38":{"start":{"line":103,"column":4},"end":{"line":103,"column":null}},"39":{"start":{"line":107,"column":21},"end":{"line":107,"column":null}},"40":{"start":{"line":108,"column":4},"end":{"line":110,"column":null}},"41":{"start":{"line":108,"column":29},"end":{"line":108,"column":77}},"42":{"start":{"line":109,"column":6},"end":{"line":109,"column":null}},"43":{"start":{"line":111,"column":42},"end":{"line":116,"column":null}},"44":{"start":{"line":117,"column":4},"end":{"line":117,"column":null}},"45":{"start":{"line":117,"column":20},"end":{"line":117,"column":72}},"46":{"start":{"line":118,"column":4},"end":{"line":118,"column":null}},"47":{"start":{"line":119,"column":4},"end":{"line":119,"column":null}},"48":{"start":{"line":123,"column":4},"end":{"line":125,"column":null}},"49":{"start":{"line":123,"column":20},"end":{"line":125,"column":6}},"50":{"start":{"line":124,"column":51},"end":{"line":124,"column":72}},"51":{"start":{"line":126,"column":4},"end":{"line":126,"column":null}},"52":{"start":{"line":130,"column":4},"end":{"line":132,"column":null}},"53":{"start":{"line":130,"column":20},"end":{"line":132,"column":6}},"54":{"start":{"line":131,"column":51},"end":{"line":131,"column":70}},"55":{"start":{"line":136,"column":4},"end":{"line":140,"column":null}},"56":{"start":{"line":136,"column":20},"end":{"line":140,"column":6}},"57":{"start":{"line":138,"column":8},"end":{"line":138,"column":null}},"58":{"start":{"line":141,"column":4},"end":{"line":141,"column":null}},"59":{"start":{"line":145,"column":4},"end":{"line":149,"column":null}},"60":{"start":{"line":145,"column":20},"end":{"line":149,"column":6}},"61":{"start":{"line":147,"column":8},"end":{"line":147,"column":null}},"62":{"start":{"line":150,"column":4},"end":{"line":150,"column":null}},"63":{"start":{"line":154,"column":4},"end":{"line":154,"column":null}},"64":{"start":{"line":154,"column":43},"end":{"line":154,"column":62}}},"fnMap":{"0":{"name":"(anonymous_0)","decl":{"start":{"line":33,"column":31},"end":{"line":33,"column":53}},"loc":{"start":{"line":33,"column":67},"end":{"line":156,"column":2}},"line":33},"1":{"name":"(anonymous_1)","decl":{"start":{"line":40,"column":2},"end":{"line":40,"column":21}},"loc":{"start":{"line":40,"column":31},"end":{"line":42,"column":null}},"line":40},"2":{"name":"(anonymous_2)","decl":{"start":{"line":44,"column":8},"end":{"line":44,"column":23}},"loc":{"start":{"line":44,"column":23},"end":{"line":52,"column":null}},"line":44},"3":{"name":"(anonymous_3)","decl":{"start":{"line":54,"column":8},"end":{"line":54,"column":19}},"loc":{"start":{"line":54,"column":31},"end":{"line":64,"column":null}},"line":54},"4":{"name":"(anonymous_4)","decl":{"start":{"line":58,"column":4},"end":{"line":58,"column":9}},"loc":{"start":{"line":58,"column":19},"end":{"line":62,"column":5}},"line":58},"5":{"name":"(anonymous_5)","decl":{"start":{"line":66,"column":8},"end":{"line":66,"column":22}},"loc":{"start":{"line":66,"column":28},"end":{"line":75,"column":null}},"line":66},"6":{"name":"(anonymous_6)","decl":{"start":{"line":68,"column":4},"end":{"line":68,"column":9}},"loc":{"start":{"line":68,"column":19},"end":{"line":72,"column":5}},"line":68},"7":{"name":"(anonymous_7)","decl":{"start":{"line":77,"column":8},"end":{"line":77,"column":22}},"loc":{"start":{"line":77,"column":32},"end":{"line":86,"column":null}},"line":77},"8":{"name":"(anonymous_8)","decl":{"start":{"line":79,"column":4},"end":{"line":79,"column":9}},"loc":{"start":{"line":79,"column":19},"end":{"line":83,"column":5}},"line":79},"9":{"name":"(anonymous_9)","decl":{"start":{"line":88,"column":8},"end":{"line":88,"column":22}},"loc":{"start":{"line":88,"column":26},"end":{"line":96,"column":null}},"line":88},"10":{"name":"(anonymous_10)","decl":{"start":{"line":90,"column":4},"end":{"line":90,"column":9}},"loc":{"start":{"line":90,"column":19},"end":{"line":94,"column":5}},"line":90},"11":{"name":"(anonymous_11)","decl":{"start":{"line":98,"column":2},"end":{"line":98,"column":18}},"loc":{"start":{"line":98,"column":31},"end":{"line":100,"column":null}},"line":98},"12":{"name":"(anonymous_12)","decl":{"start":{"line":102,"column":2},"end":{"line":102,"column":21}},"loc":{"start":{"line":102,"column":21},"end":{"line":104,"column":null}},"line":102},"13":{"name":"(anonymous_13)","decl":{"start":{"line":106,"column":2},"end":{"line":106,"column":16}},"loc":{"start":{"line":106,"column":35},"end":{"line":120,"column":null}},"line":106},"14":{"name":"(anonymous_14)","decl":{"start":{"line":108,"column":17},"end":{"line":108,"column":23}},"loc":{"start":{"line":108,"column":29},"end":{"line":108,"column":77}},"line":108},"15":{"name":"(anonymous_15)","decl":{"start":{"line":117,"column":4},"end":{"line":117,"column":9}},"loc":{"start":{"line":117,"column":20},"end":{"line":117,"column":72}},"line":117},"16":{"name":"(anonymous_16)","decl":{"start":{"line":122,"column":2},"end":{"line":122,"column":19}},"loc":{"start":{"line":122,"column":33},"end":{"line":127,"column":null}},"line":122},"17":{"name":"(anonymous_17)","decl":{"start":{"line":123,"column":4},"end":{"line":123,"column":9}},"loc":{"start":{"line":123,"column":20},"end":{"line":125,"column":6}},"line":123},"18":{"name":"(anonymous_18)","decl":{"start":{"line":124,"column":37},"end":{"line":124,"column":45}},"loc":{"start":{"line":124,"column":51},"end":{"line":124,"column":72}},"line":124},"19":{"name":"(anonymous_19)","decl":{"start":{"line":129,"column":2},"end":{"line":129,"column":27}},"loc":{"start":{"line":129,"column":35},"end":{"line":133,"column":null}},"line":129},"20":{"name":"(anonymous_20)","decl":{"start":{"line":130,"column":4},"end":{"line":130,"column":9}},"loc":{"start":{"line":130,"column":20},"end":{"line":132,"column":6}},"line":130},"21":{"name":"(anonymous_21)","decl":{"start":{"line":131,"column":37},"end":{"line":131,"column":45}},"loc":{"start":{"line":131,"column":51},"end":{"line":131,"column":70}},"line":131},"22":{"name":"(anonymous_22)","decl":{"start":{"line":135,"column":2},"end":{"line":135,"column":19}},"loc":{"start":{"line":135,"column":33},"end":{"line":142,"column":null}},"line":135},"23":{"name":"(anonymous_23)","decl":{"start":{"line":136,"column":4},"end":{"line":136,"column":9}},"loc":{"start":{"line":136,"column":20},"end":{"line":140,"column":6}},"line":136},"24":{"name":"(anonymous_24)","decl":{"start":{"line":137,"column":37},"end":{"line":137,"column":42}},"loc":{"start":{"line":138,"column":8},"end":{"line":138,"column":null}},"line":138},"25":{"name":"(anonymous_25)","decl":{"start":{"line":144,"column":2},"end":{"line":144,"column":27}},"loc":{"start":{"line":144,"column":52},"end":{"line":151,"column":null}},"line":144},"26":{"name":"(anonymous_26)","decl":{"start":{"line":145,"column":4},"end":{"line":145,"column":9}},"loc":{"start":{"line":145,"column":20},"end":{"line":149,"column":6}},"line":145},"27":{"name":"(anonymous_27)","decl":{"start":{"line":146,"column":37},"end":{"line":146,"column":42}},"loc":{"start":{"line":147,"column":8},"end":{"line":147,"column":null}},"line":147},"28":{"name":"(anonymous_28)","decl":{"start":{"line":153,"column":2},"end":{"line":153,"column":21}},"loc":{"start":{"line":153,"column":29},"end":{"line":155,"column":null}},"line":153},"29":{"name":"(anonymous_29)","decl":{"start":{"line":154,"column":29},"end":{"line":154,"column":37}},"loc":{"start":{"line":154,"column":43},"end":{"line":154,"column":62}},"line":154}},"branchMap":{"0":{"loc":{"start":{"line":56,"column":4},"end":{"line":56,"column":null}},"type":"if","locations":[{"start":{"line":56,"column":4},"end":{"line":56,"column":null}},{"start":{},"end":{}}],"line":56},"1":{"loc":{"start":{"line":108,"column":4},"end":{"line":110,"column":null}},"type":"if","locations":[{"start":{"line":108,"column":4},"end":{"line":110,"column":null}},{"start":{},"end":{}}],"line":108},"2":{"loc":{"start":{"line":108,"column":29},"end":{"line":108,"column":77}},"type":"binary-expr","locations":[{"start":{"line":108,"column":29},"end":{"line":108,"column":58}},{"start":{"line":108,"column":58},"end":{"line":108,"column":77}}],"line":108},"3":{"loc":{"start":{"line":138,"column":8},"end":{"line":138,"column":null}},"type":"cond-expr","locations":[{"start":{"line":138,"column":32},"end":{"line":138,"column":64}},{"start":{"line":138,"column":64},"end":{"line":138,"column":null}}],"line":138},"4":{"loc":{"start":{"line":147,"column":8},"end":{"line":147,"column":null}},"type":"cond-expr","locations":[{"start":{"line":147,"column":32},"end":{"line":147,"column":57}},{"start":{"line":147,"column":57},"end":{"line":147,"column":null}}],"line":147}},"s":{"0":1,"1":1,"2":0,"3":7,"4":7,"5":7,"6":6,"7":1,"8":2,"9":2,"10":1,"11":1,"12":1,"13":1,"14":1,"15":1,"16":1,"17":1,"18":1,"19":1,"20":1,"21":1,"22":1,"23":1,"24":1,"25":1,"26":1,"27":1,"28":1,"29":1,"30":1,"31":2,"32":2,"33":2,"34":2,"35":2,"36":2,"37":1,"38":1,"39":22,"40":22,"41":8,"42":1,"43":21,"44":21,"45":21,"46":21,"47":21,"48":2,"49":2,"50":2,"51":2,"52":2,"53":2,"54":4,"55":3,"56":3,"57":3,"58":3,"59":2,"60":2,"61":2,"62":2,"63":2,"64":3},"f":{"0":1,"1":0,"2":7,"3":2,"4":1,"5":1,"6":1,"7":1,"8":1,"9":2,"10":2,"11":1,"12":1,"13":22,"14":8,"15":21,"16":2,"17":2,"18":2,"19":2,"20":2,"21":4,"22":3,"23":3,"24":3,"25":2,"26":2,"27":2,"28":2,"29":3},"b":{"0":[1,1],"1":[1,21],"2":[8,4],"3":[3,0],"4":[2,0]},"meta":{"lastBranch":5,"lastFunction":30,"lastStatement":65,"seen":{"s:33:13:156:Infinity":0,"f:33:31:33:53":0,"s:33:67:156:2":1,"f:40:2:40:21":1,"s:41:4:41:Infinity":2,"f:44:8:44:23":2,"s:45:4:45:Infinity":3,"s:46:4:51:Infinity":4,"s:47:23:47:Infinity":5,"s:48:6:48:Infinity":6,"s:50:6:50:Infinity":7,"f:54:8:54:19":3,"s:55:19:55:Infinity":8,"b:56:4:56:Infinity:undefined:undefined:undefined:undefined":0,"s:56:4:56:Infinity":9,"s:56:16:56:Infinity":10,"s:57:20:57:Infinity":11,"s:58:4:62:Infinity":12,"f:58:4:58:9":4,"s:59:23:59:Infinity":13,"s:60:6:60:Infinity":14,"s:61:6:61:Infinity":15,"s:63:4:63:Infinity":16,"f:66:8:66:22":5,"s:67:20:67:Infinity":17,"s:68:4:72:Infinity":18,"f:68:4:68:9":6,"s:69:23:69:Infinity":19,"s:70:6:70:Infinity":20,"s:71:6:71:Infinity":21,"s:73:4:73:Infinity":22,"s:74:4:74:Infinity":23,"f:77:8:77:22":7,"s:78:20:78:Infinity":24,"s:79:4:83:Infinity":25,"f:79:4:79:9":8,"s:80:23:80:Infinity":26,"s:81:6:81:Infinity":27,"s:82:6:82:Infinity":28,"s:84:4:84:Infinity":29,"s:85:4:85:Infinity":30,"f:88:8:88:22":9,"s:89:4:89:Infinity":31,"s:90:4:94:Infinity":32,"f:90:4:90:9":10,"s:91:23:91:Infinity":33,"s:92:6:92:Infinity":34,"s:93:6:93:Infinity":35,"s:95:4:95:Infinity":36,"f:98:2:98:18":11,"s:99:4:99:Infinity":37,"f:102:2:102:21":12,"s:103:4:103:Infinity":38,"f:106:2:106:16":13,"s:107:21:107:Infinity":39,"b:108:4:110:Infinity:undefined:undefined:undefined:undefined":1,"s:108:4:110:Infinity":40,"f:108:17:108:23":14,"s:108:29:108:77":41,"b:108:29:108:58:108:58:108:77":2,"s:109:6:109:Infinity":42,"s:111:42:116:Infinity":43,"s:117:4:117:Infinity":44,"f:117:4:117:9":15,"s:117:20:117:72":45,"s:118:4:118:Infinity":46,"s:119:4:119:Infinity":47,"f:122:2:122:19":16,"s:123:4:125:Infinity":48,"f:123:4:123:9":17,"s:123:20:125:6":49,"f:124:37:124:45":18,"s:124:51:124:72":50,"s:126:4:126:Infinity":51,"f:129:2:129:27":19,"s:130:4:132:Infinity":52,"f:130:4:130:9":20,"s:130:20:132:6":53,"f:131:37:131:45":21,"s:131:51:131:70":54,"f:135:2:135:19":22,"s:136:4:140:Infinity":55,"f:136:4:136:9":23,"s:136:20:140:6":56,"f:137:37:137:42":24,"s:138:8:138:Infinity":57,"b:138:32:138:64:138:64:138:Infinity":3,"s:141:4:141:Infinity":58,"f:144:2:144:27":25,"s:145:4:149:Infinity":59,"f:145:4:145:9":26,"s:145:20:149:6":60,"f:146:37:146:42":27,"s:147:8:147:Infinity":61,"b:147:32:147:57:147:57:147:Infinity":4,"s:150:4:150:Infinity":62,"f:153:2:153:21":28,"s:154:4:154:Infinity":63,"f:154:29:154:37":29,"s:154:43:154:62":64}}}
,"C:\\Users\\danie\\OneDrive\\dev\\RiskWeb\\frontend\\src\\store\\scenarioStore.ts": {"path":"C:\\Users\\danie\\OneDrive\\dev\\RiskWeb\\frontend\\src\\store\\scenarioStore.ts","statementMap":{"0":{"start":{"line":36,"column":45},"end":{"line":39,"column":null}},"1":{"start":{"line":41,"column":13},"end":{"line":89,"column":null}},"2":{"start":{"line":41,"column":64},"end":{"line":89,"column":2}},"3":{"start":{"line":52,"column":17},"end":{"line":52,"column":null}},"4":{"start":{"line":53,"column":21},"end":{"line":53,"column":null}},"5":{"start":{"line":54,"column":35},"end":{"line":54,"column":null}},"6":{"start":{"line":55,"column":30},"end":{"line":55,"column":null}},"7":{"start":{"line":57,"column":4},"end":{"line":60,"column":null}},"8":{"start":{"line":57,"column":20},"end":{"line":60,"column":6}},"9":{"start":{"line":61,"column":19},"end":{"line":61,"column":null}},"10":{"start":{"line":62,"column":19},"end":{"line":62,"column":null}},"11":{"start":{"line":64,"column":4},"end":{"line":64,"column":null}},"12":{"start":{"line":64,"column":20},"end":{"line":64,"column":74}},"13":{"start":{"line":66,"column":4},"end":{"line":66,"column":null}},"14":{"start":{"line":66,"column":20},"end":{"line":66,"column":76}},"15":{"start":{"line":68,"column":4},"end":{"line":68,"column":null}},"16":{"start":{"line":68,"column":20},"end":{"line":68,"column":76}},"17":{"start":{"line":69,"column":42},"end":{"line":69,"column":null}},"18":{"start":{"line":71,"column":4},"end":{"line":79,"column":null}},"19":{"start":{"line":81,"column":4},"end":{"line":88,"column":null}}},"fnMap":{"0":{"name":"(anonymous_0)","decl":{"start":{"line":41,"column":32},"end":{"line":41,"column":55}},"loc":{"start":{"line":41,"column":64},"end":{"line":89,"column":2}},"line":41},"1":{"name":"(anonymous_1)","decl":{"start":{"line":52,"column":2},"end":{"line":52,"column":10}},"loc":{"start":{"line":52,"column":17},"end":{"line":52,"column":null}},"line":52},"2":{"name":"(anonymous_2)","decl":{"start":{"line":53,"column":2},"end":{"line":53,"column":12}},"loc":{"start":{"line":53,"column":21},"end":{"line":53,"column":null}},"line":53},"3":{"name":"(anonymous_3)","decl":{"start":{"line":54,"column":2},"end":{"line":54,"column":19}},"loc":{"start":{"line":54,"column":35},"end":{"line":54,"column":null}},"line":54},"4":{"name":"(anonymous_4)","decl":{"start":{"line":55,"column":2},"end":{"line":55,"column":21}},"loc":{"start":{"line":55,"column":30},"end":{"line":55,"column":null}},"line":55},"5":{"name":"(anonymous_5)","decl":{"start":{"line":56,"column":2},"end":{"line":56,"column":20}},"loc":{"start":{"line":57,"column":4},"end":{"line":60,"column":null}},"line":57},"6":{"name":"(anonymous_6)","decl":{"start":{"line":57,"column":4},"end":{"line":57,"column":9}},"loc":{"start":{"line":57,"column":20},"end":{"line":60,"column":6}},"line":57},"7":{"name":"(anonymous_7)","decl":{"start":{"line":61,"column":2},"end":{"line":61,"column":19}},"loc":{"start":{"line":61,"column":19},"end":{"line":61,"column":null}},"line":61},"8":{"name":"(anonymous_8)","decl":{"start":{"line":62,"column":2},"end":{"line":62,"column":19}},"loc":{"start":{"line":62,"column":19},"end":{"line":62,"column":null}},"line":62},"9":{"name":"(anonymous_9)","decl":{"start":{"line":63,"column":2},"end":{"line":63,"column":null}},"loc":{"start":{"line":64,"column":4},"end":{"line":64,"column":null}},"line":64},"10":{"name":"(anonymous_10)","decl":{"start":{"line":64,"column":4},"end":{"line":64,"column":9}},"loc":{"start":{"line":64,"column":20},"end":{"line":64,"column":74}},"line":64},"11":{"name":"(anonymous_11)","decl":{"start":{"line":65,"column":2},"end":{"line":65,"column":null}},"loc":{"start":{"line":66,"column":4},"end":{"line":66,"column":null}},"line":66},"12":{"name":"(anonymous_12)","decl":{"start":{"line":66,"column":4},"end":{"line":66,"column":9}},"loc":{"start":{"line":66,"column":20},"end":{"line":66,"column":76}},"line":66},"13":{"name":"(anonymous_13)","decl":{"start":{"line":67,"column":2},"end":{"line":67,"column":null}},"loc":{"start":{"line":68,"column":4},"end":{"line":68,"column":null}},"line":68},"14":{"name":"(anonymous_14)","decl":{"start":{"line":68,"column":4},"end":{"line":68,"column":9}},"loc":{"start":{"line":68,"column":20},"end":{"line":68,"column":76}},"line":68},"15":{"name":"(anonymous_15)","decl":{"start":{"line":69,"column":2},"end":{"line":69,"column":29}},"loc":{"start":{"line":69,"column":42},"end":{"line":69,"column":null}},"line":69},"16":{"name":"(anonymous_16)","decl":{"start":{"line":70,"column":2},"end":{"line":70,"column":null}},"loc":{"start":{"line":71,"column":4},"end":{"line":79,"column":null}},"line":71},"17":{"name":"(anonymous_17)","decl":{"start":{"line":80,"column":2},"end":{"line":80,"column":17}},"loc":{"start":{"line":81,"column":4},"end":{"line":88,"column":null}},"line":81}},"branchMap":{"0":{"loc":{"start":{"line":84,"column":19},"end":{"line":84,"column":null}},"type":"binary-expr","locations":[{"start":{"line":84,"column":19},"end":{"line":84,"column":39}},{"start":{"line":84,"column":39},"end":{"line":84,"column":null}}],"line":84}},"s":{"0":0,"1":0,"2":0,"3":0,"4":0,"5":0,"6":0,"7":0,"8":0,"9":0,"10":0,"11":0,"12":0,"13":0,"14":0,"15":0,"16":0,"17":0,"18":0,"19":0},"f":{"0":0,"1":0,"2":0,"3":0,"4":0,"5":0,"6":0,"7":0,"8":0,"9":0,"10":0,"11":0,"12":0,"13":0,"14":0,"15":0,"16":0,"17":0},"b":{"0":[0,0]},"meta":{"lastBranch":1,"lastFunction":18,"lastStatement":20,"seen":{"s:36:45:39:Infinity":0,"s:41:13:89:Infinity":1,"f:41:32:41:55":0,"s:41:64:89:2":2,"f:52:2:52:10":1,"s:52:17:52:Infinity":3,"f:53:2:53:12":2,"s:53:21:53:Infinity":4,"f:54:2:54:19":3,"s:54:35:54:Infinity":5,"f:55:2:55:21":4,"s:55:30:55:Infinity":6,"f:56:2:56:20":5,"s:57:4:60:Infinity":7,"f:57:4:57:9":6,"s:57:20:60:6":8,"f:61:2:61:19":7,"s:61:19:61:Infinity":9,"f:62:2:62:19":8,"s:62:19:62:Infinity":10,"f:63:2:63:Infinity":9,"s:64:4:64:Infinity":11,"f:64:4:64:9":10,"s:64:20:64:74":12,"f:65:2:65:Infinity":11,"s:66:4:66:Infinity":13,"f:66:4:66:9":12,"s:66:20:66:76":14,"f:67:2:67:Infinity":13,"s:68:4:68:Infinity":15,"f:68:4:68:9":14,"s:68:20:68:76":16,"f:69:2:69:29":15,"s:69:42:69:Infinity":17,"f:70:2:70:Infinity":16,"s:71:4:79:Infinity":18,"f:80:2:80:17":17,"s:81:4:88:Infinity":19,"b:84:19:84:39:84:39:84:Infinity":0}}}
,"C:\\Users\\danie\\OneDrive\\dev\\RiskWeb\\frontend\\src\\store\\simulationStore.ts": {"path":"C:\\Users\\danie\\OneDrive\\dev\\RiskWeb\\frontend\\src\\store\\simulationStore.ts","statementMap":{"0":{"start":{"line":20,"column":13},"end":{"line":37,"column":null}},"1":{"start":{"line":20,"column":68},"end":{"line":37,"column":2}},"2":{"start":{"line":28,"column":27},"end":{"line":28,"column":null}},"3":{"start":{"line":29,"column":29},"end":{"line":29,"column":null}},"4":{"start":{"line":31,"column":4},"end":{"line":31,"column":null}},"5":{"start":{"line":32,"column":25},"end":{"line":32,"column":null}},"6":{"start":{"line":34,"column":4},"end":{"line":34,"column":null}},"7":{"start":{"line":34,"column":20},"end":{"line":34,"column":67}},"8":{"start":{"line":36,"column":4},"end":{"line":36,"column":null}}},"fnMap":{"0":{"name":"(anonymous_0)","decl":{"start":{"line":20,"column":34},"end":{"line":20,"column":59}},"loc":{"start":{"line":20,"column":68},"end":{"line":37,"column":2}},"line":20},"1":{"name":"(anonymous_1)","decl":{"start":{"line":28,"column":2},"end":{"line":28,"column":15}},"loc":{"start":{"line":28,"column":27},"end":{"line":28,"column":null}},"line":28},"2":{"name":"(anonymous_2)","decl":{"start":{"line":29,"column":2},"end":{"line":29,"column":16}},"loc":{"start":{"line":29,"column":29},"end":{"line":29,"column":null}},"line":29},"3":{"name":"(anonymous_3)","decl":{"start":{"line":30,"column":2},"end":{"line":30,"column":15}},"loc":{"start":{"line":31,"column":4},"end":{"line":31,"column":null}},"line":31},"4":{"name":"(anonymous_4)","decl":{"start":{"line":32,"column":2},"end":{"line":32,"column":14}},"loc":{"start":{"line":32,"column":25},"end":{"line":32,"column":null}},"line":32},"5":{"name":"(anonymous_5)","decl":{"start":{"line":33,"column":2},"end":{"line":33,"column":null}},"loc":{"start":{"line":34,"column":4},"end":{"line":34,"column":null}},"line":34},"6":{"name":"(anonymous_6)","decl":{"start":{"line":34,"column":4},"end":{"line":34,"column":9}},"loc":{"start":{"line":34,"column":20},"end":{"line":34,"column":67}},"line":34},"7":{"name":"(anonymous_7)","decl":{"start":{"line":35,"column":2},"end":{"line":35,"column":null}},"loc":{"start":{"line":36,"column":4},"end":{"line":36,"column":null}},"line":36}},"branchMap":{"0":{"loc":{"start":{"line":34,"column":20},"end":{"line":34,"column":67}},"type":"cond-expr","locations":[{"start":{"line":34,"column":36},"end":{"line":34,"column":64}},{"start":{"line":34,"column":64},"end":{"line":34,"column":67}}],"line":34}},"s":{"0":0,"1":0,"2":0,"3":0,"4":0,"5":0,"6":0,"7":0,"8":0},"f":{"0":0,"1":0,"2":0,"3":0,"4":0,"5":0,"6":0,"7":0},"b":{"0":[0,0]},"meta":{"lastBranch":1,"lastFunction":8,"lastStatement":9,"seen":{"s:20:13:37:Infinity":0,"f:20:34:20:59":0,"s:20:68:37:2":1,"f:28:2:28:15":1,"s:28:27:28:Infinity":2,"f:29:2:29:16":2,"s:29:29:29:Infinity":3,"f:30:2:30:15":3,"s:31:4:31:Infinity":4,"f:32:2:32:14":4,"s:32:25:32:Infinity":5,"f:33:2:33:Infinity":5,"s:34:4:34:Infinity":6,"f:34:4:34:9":6,"s:34:20:34:67":7,"b:34:36:34:64:34:64:34:67":0,"f:35:2:35:Infinity":7,"s:36:4:36:Infinity":8}}}
,"C:\\Users\\danie\\OneDrive\\dev\\RiskWeb\\frontend\\src\\store\\treeStore.ts": {"path":"C:\\Users\\danie\\OneDrive\\dev\\RiskWeb\\frontend\\src\\store\\treeStore.ts","statementMap":{"0":{"start":{"line":27,"column":27},"end":{"line":30,"column":null}},"1":{"start":{"line":32,"column":28},"end":{"line":35,"column":null}},"2":{"start":{"line":38,"column":2},"end":{"line":38,"column":null}},"3":{"start":{"line":42,"column":2},"end":{"line":51,"column":null}},"4":{"start":{"line":42,"column":27},"end":{"line":51,"column":4}},"5":{"start":{"line":55,"column":2},"end":{"line":62,"column":null}},"6":{"start":{"line":55,"column":27},"end":{"line":62,"column":4}},"7":{"start":{"line":66,"column":2},"end":{"line":72,"column":null}},"8":{"start":{"line":66,"column":27},"end":{"line":72,"column":4}},"9":{"start":{"line":76,"column":2},"end":{"line":80,"column":null}},"10":{"start":{"line":76,"column":27},"end":{"line":80,"column":4}},"11":{"start":{"line":84,"column":27},"end":{"line":84,"column":null}},"12":{"start":{"line":85,"column":2},"end":{"line":98,"column":null}},"13":{"start":{"line":86,"column":31},"end":{"line":86,"column":null}},"14":{"start":{"line":87,"column":4},"end":{"line":89,"column":null}},"15":{"start":{"line":88,"column":6},"end":{"line":88,"column":null}},"16":{"start":{"line":90,"column":9},"end":{"line":98,"column":null}},"17":{"start":{"line":91,"column":4},"end":{"line":93,"column":null}},"18":{"start":{"line":92,"column":6},"end":{"line":92,"column":null}},"19":{"start":{"line":94,"column":9},"end":{"line":98,"column":null}},"20":{"start":{"line":95,"column":4},"end":{"line":97,"column":null}},"21":{"start":{"line":96,"column":6},"end":{"line":96,"column":null}},"22":{"start":{"line":99,"column":2},"end":{"line":99,"column":null}},"23":{"start":{"line":134,"column":13},"end":{"line":401,"column":null}},"24":{"start":{"line":134,"column":61},"end":{"line":401,"column":2}},"25":{"start":{"line":140,"column":4},"end":{"line":140,"column":null}},"26":{"start":{"line":140,"column":20},"end":{"line":140,"column":70}},"27":{"start":{"line":144,"column":4},"end":{"line":144,"column":null}},"28":{"start":{"line":144,"column":20},"end":{"line":144,"column":70}},"29":{"start":{"line":147,"column":29},"end":{"line":147,"column":null}},"30":{"start":{"line":150,"column":15},"end":{"line":150,"column":null}},"31":{"start":{"line":151,"column":26},"end":{"line":151,"column":null}},"32":{"start":{"line":152,"column":37},"end":{"line":157,"column":null}},"33":{"start":{"line":158,"column":4},"end":{"line":158,"column":null}},"34":{"start":{"line":158,"column":20},"end":{"line":158,"column":54}},"35":{"start":{"line":159,"column":4},"end":{"line":159,"column":null}},"36":{"start":{"line":163,"column":4},"end":{"line":167,"column":null}},"37":{"start":{"line":163,"column":20},"end":{"line":167,"column":6}},"38":{"start":{"line":164,"column":39},"end":{"line":164,"column":50}},"39":{"start":{"line":165,"column":39},"end":{"line":165,"column":73}},"40":{"start":{"line":171,"column":22},"end":{"line":171,"column":null}},"41":{"start":{"line":172,"column":21},"end":{"line":172,"column":null}},"42":{"start":{"line":173,"column":18},"end":{"line":173,"column":null}},"43":{"start":{"line":174,"column":4},"end":{"line":182,"column":null}},"44":{"start":{"line":175,"column":22},"end":{"line":175,"column":null}},"45":{"start":{"line":176,"column":6},"end":{"line":176,"column":null}},"46":{"start":{"line":177,"column":6},"end":{"line":181,"column":null}},"47":{"start":{"line":178,"column":8},"end":{"line":180,"column":null}},"48":{"start":{"line":179,"column":10},"end":{"line":179,"column":null}},"49":{"start":{"line":183,"column":4},"end":{"line":187,"column":null}},"50":{"start":{"line":183,"column":20},"end":{"line":187,"column":6}},"51":{"start":{"line":184,"column":39},"end":{"line":184,"column":58}},"52":{"start":{"line":185,"column":39},"end":{"line":185,"column":89}},"53":{"start":{"line":191,"column":17},"end":{"line":191,"column":null}},"54":{"start":{"line":191,"column":41},"end":{"line":191,"column":52}},"55":{"start":{"line":192,"column":4},"end":{"line":192,"column":null}},"56":{"start":{"line":192,"column":15},"end":{"line":192,"column":null}},"57":{"start":{"line":193,"column":18},"end":{"line":193,"column":null}},"58":{"start":{"line":194,"column":40},"end":{"line":200,"column":null}},"59":{"start":{"line":201,"column":4},"end":{"line":201,"column":null}},"60":{"start":{"line":201,"column":20},"end":{"line":201,"column":57}},"61":{"start":{"line":205,"column":4},"end":{"line":207,"column":null}},"62":{"start":{"line":205,"column":20},"end":{"line":207,"column":6}},"63":{"start":{"line":206,"column":37},"end":{"line":206,"column":94}},"64":{"start":{"line":211,"column":4},"end":{"line":211,"column":null}},"65":{"start":{"line":215,"column":4},"end":{"line":221,"column":null}},"66":{"start":{"line":215,"column":20},"end":{"line":221,"column":6}},"67":{"start":{"line":217,"column":8},"end":{"line":219,"column":null}},"68":{"start":{"line":225,"column":4},"end":{"line":225,"column":null}},"69":{"start":{"line":229,"column":29},"end":{"line":229,"column":null}},"70":{"start":{"line":230,"column":31},"end":{"line":230,"column":null}},"71":{"start":{"line":231,"column":4},"end":{"line":231,"column":null}},"72":{"start":{"line":231,"column":28},"end":{"line":231,"column":null}},"73":{"start":{"line":232,"column":4},"end":{"line":232,"column":null}},"74":{"start":{"line":232,"column":27},"end":{"line":232,"column":null}},"75":{"start":{"line":235,"column":4},"end":{"line":235,"column":null}},"76":{"start":{"line":235,"column":26},"end":{"line":235,"column":68}},"77":{"start":{"line":235,"column":71},"end":{"line":235,"column":null}},"78":{"start":{"line":238,"column":4},"end":{"line":238,"column":null}},"79":{"start":{"line":238,"column":26},"end":{"line":238,"column":45}},"80":{"start":{"line":238,"column":48},"end":{"line":238,"column":null}},"81":{"start":{"line":241,"column":23},"end":{"line":241,"column":null}},"82":{"start":{"line":241,"column":41},"end":{"line":241,"column":56}},"83":{"start":{"line":242,"column":4},"end":{"line":242,"column":null}},"84":{"start":{"line":242,"column":46},"end":{"line":242,"column":null}},"85":{"start":{"line":245,"column":22},"end":{"line":245,"column":null}},"86":{"start":{"line":246,"column":4},"end":{"line":249,"column":null}},"87":{"start":{"line":247,"column":6},"end":{"line":247,"column":null}},"88":{"start":{"line":247,"column":36},"end":{"line":247,"column":null}},"89":{"start":{"line":248,"column":6},"end":{"line":248,"column":null}},"90":{"start":{"line":250,"column":4},"end":{"line":250,"column":null}},"91":{"start":{"line":250,"column":32},"end":{"line":250,"column":null}},"92":{"start":{"line":251,"column":4},"end":{"line":251,"column":null}},"93":{"start":{"line":253,"column":20},"end":{"line":253,"column":null}},"94":{"start":{"line":254,"column":18},"end":{"line":254,"column":null}},"95":{"start":{"line":256,"column":6},"end":{"line":256,"column":null}},"96":{"start":{"line":256,"column":29},"end":{"line":256,"column":null}},"97":{"start":{"line":257,"column":6},"end":{"line":257,"column":null}},"98":{"start":{"line":257,"column":31},"end":{"line":257,"column":null}},"99":{"start":{"line":258,"column":6},"end":{"line":258,"column":null}},"100":{"start":{"line":259,"column":6},"end":{"line":259,"column":null}},"101":{"start":{"line":260,"column":6},"end":{"line":262,"column":null}},"102":{"start":{"line":261,"column":8},"end":{"line":261,"column":null}},"103":{"start":{"line":261,"column":29},"end":{"line":261,"column":null}},"104":{"start":{"line":263,"column":6},"end":{"line":263,"column":null}},"105":{"start":{"line":264,"column":6},"end":{"line":264,"column":null}},"106":{"start":{"line":266,"column":4},"end":{"line":268,"column":null}},"107":{"start":{"line":267,"column":6},"end":{"line":267,"column":null}},"108":{"start":{"line":267,"column":26},"end":{"line":267,"column":null}},"109":{"start":{"line":270,"column":4},"end":{"line":270,"column":null}},"110":{"start":{"line":274,"column":4},"end":{"line":274,"column":null}},"111":{"start":{"line":274,"column":39},"end":{"line":274,"column":null}},"112":{"start":{"line":275,"column":25},"end":{"line":282,"column":null}},"113":{"start":{"line":283,"column":4},"end":{"line":283,"column":null}},"114":{"start":{"line":283,"column":20},"end":{"line":283,"column":54}},"115":{"start":{"line":287,"column":4},"end":{"line":287,"column":null}},"116":{"start":{"line":287,"column":20},"end":{"line":287,"column":70}},"117":{"start":{"line":287,"column":55},"end":{"line":287,"column":66}},"118":{"start":{"line":290,"column":19},"end":{"line":290,"column":null}},"119":{"start":{"line":293,"column":4},"end":{"line":297,"column":null}},"120":{"start":{"line":301,"column":29},"end":{"line":301,"column":null}},"121":{"start":{"line":302,"column":4},"end":{"line":302,"column":null}},"122":{"start":{"line":302,"column":28},"end":{"line":302,"column":null}},"123":{"start":{"line":304,"column":14},"end":{"line":304,"column":null}},"124":{"start":{"line":305,"column":4},"end":{"line":305,"column":null}},"125":{"start":{"line":305,"column":33},"end":{"line":305,"column":36}},"126":{"start":{"line":306,"column":4},"end":{"line":306,"column":null}},"127":{"start":{"line":308,"column":4},"end":{"line":312,"column":null}},"128":{"start":{"line":309,"column":16},"end":{"line":309,"column":null}},"129":{"start":{"line":310,"column":16},"end":{"line":310,"column":null}},"130":{"start":{"line":311,"column":6},"end":{"line":311,"column":null}},"131":{"start":{"line":313,"column":4},"end":{"line":315,"column":null}},"132":{"start":{"line":314,"column":6},"end":{"line":314,"column":null}},"133":{"start":{"line":317,"column":4},"end":{"line":317,"column":null}},"134":{"start":{"line":319,"column":4},"end":{"line":329,"column":null}},"135":{"start":{"line":321,"column":20},"end":{"line":321,"column":null}},"136":{"start":{"line":322,"column":18},"end":{"line":322,"column":null}},"137":{"start":{"line":323,"column":18},"end":{"line":323,"column":null}},"138":{"start":{"line":324,"column":8},"end":{"line":327,"column":null}},"139":{"start":{"line":333,"column":29},"end":{"line":333,"column":null}},"140":{"start":{"line":334,"column":29},"end":{"line":334,"column":null}},"141":{"start":{"line":336,"column":4},"end":{"line":339,"column":null}},"142":{"start":{"line":337,"column":6},"end":{"line":337,"column":null}},"143":{"start":{"line":338,"column":6},"end":{"line":338,"column":null}},"144":{"start":{"line":342,"column":28},"end":{"line":342,"column":null}},"145":{"start":{"line":342,"column":53},"end":{"line":342,"column":61}},"146":{"start":{"line":343,"column":18},"end":{"line":343,"column":null}},"147":{"start":{"line":343,"column":38},"end":{"line":343,"column":64}},"148":{"start":{"line":344,"column":4},"end":{"line":348,"column":null}},"149":{"start":{"line":345,"column":6},"end":{"line":345,"column":null}},"150":{"start":{"line":346,"column":11},"end":{"line":348,"column":null}},"151":{"start":{"line":347,"column":6},"end":{"line":347,"column":null}},"152":{"start":{"line":351,"column":4},"end":{"line":359,"column":null}},"153":{"start":{"line":352,"column":6},"end":{"line":358,"column":null}},"154":{"start":{"line":353,"column":8},"end":{"line":357,"column":null}},"155":{"start":{"line":354,"column":10},"end":{"line":354,"column":null}},"156":{"start":{"line":356,"column":10},"end":{"line":356,"column":null}},"157":{"start":{"line":362,"column":4},"end":{"line":369,"column":null}},"158":{"start":{"line":363,"column":6},"end":{"line":368,"column":null}},"159":{"start":{"line":364,"column":25},"end":{"line":364,"column":null}},"160":{"start":{"line":364,"column":45},"end":{"line":364,"column":65}},"161":{"start":{"line":365,"column":8},"end":{"line":367,"column":null}},"162":{"start":{"line":366,"column":10},"end":{"line":366,"column":null}},"163":{"start":{"line":371,"column":4},"end":{"line":371,"column":null}},"164":{"start":{"line":375,"column":29},"end":{"line":375,"column":null}},"165":{"start":{"line":376,"column":17},"end":{"line":376,"column":null}},"166":{"start":{"line":376,"column":35},"end":{"line":376,"column":46}},"167":{"start":{"line":377,"column":4},"end":{"line":377,"column":null}},"168":{"start":{"line":377,"column":15},"end":{"line":377,"column":null}},"169":{"start":{"line":379,"column":4},"end":{"line":383,"column":null}},"170":{"start":{"line":380,"column":6},"end":{"line":380,"column":null}},"171":{"start":{"line":380,"column":33},"end":{"line":380,"column":null}},"172":{"start":{"line":381,"column":24},"end":{"line":381,"column":null}},"173":{"start":{"line":382,"column":6},"end":{"line":382,"column":null}},"174":{"start":{"line":386,"column":21},"end":{"line":386,"column":null}},"175":{"start":{"line":386,"column":41},"end":{"line":386,"column":61}},"176":{"start":{"line":387,"column":4},"end":{"line":387,"column":null}},"177":{"start":{"line":391,"column":29},"end":{"line":391,"column":null}},"178":{"start":{"line":392,"column":28},"end":{"line":392,"column":null}},"179":{"start":{"line":392,"column":53},"end":{"line":392,"column":61}},"180":{"start":{"line":393,"column":4},"end":{"line":393,"column":null}},"181":{"start":{"line":393,"column":31},"end":{"line":393,"column":57}},"182":{"start":{"line":397,"column":29},"end":{"line":397,"column":null}},"183":{"start":{"line":398,"column":21},"end":{"line":398,"column":null}},"184":{"start":{"line":398,"column":41},"end":{"line":398,"column":56}},"185":{"start":{"line":398,"column":69},"end":{"line":398,"column":77}},"186":{"start":{"line":399,"column":4},"end":{"line":399,"column":null}},"187":{"start":{"line":399,"column":31},"end":{"line":399,"column":54}}},"fnMap":{"0":{"name":"toRFNodeType","decl":{"start":{"line":37,"column":9},"end":{"line":37,"column":22}},"loc":{"start":{"line":37,"column":59},"end":{"line":39,"column":null}},"line":37},"1":{"name":"sharedToRFNodes","decl":{"start":{"line":41,"column":9},"end":{"line":41,"column":25}},"loc":{"start":{"line":41,"column":72},"end":{"line":52,"column":null}},"line":41},"2":{"name":"(anonymous_2)","decl":{"start":{"line":42,"column":15},"end":{"line":42,"column":20}},"loc":{"start":{"line":42,"column":27},"end":{"line":51,"column":4}},"line":42},"3":{"name":"sharedToRFEdges","decl":{"start":{"line":54,"column":9},"end":{"line":54,"column":25}},"loc":{"start":{"line":54,"column":56},"end":{"line":63,"column":null}},"line":54},"4":{"name":"(anonymous_4)","decl":{"start":{"line":55,"column":15},"end":{"line":55,"column":20}},"loc":{"start":{"line":55,"column":27},"end":{"line":62,"column":4}},"line":55},"5":{"name":"rfToSharedNodes","decl":{"start":{"line":65,"column":16},"end":{"line":65,"column":32}},"loc":{"start":{"line":65,"column":79},"end":{"line":73,"column":null}},"line":65},"6":{"name":"(anonymous_6)","decl":{"start":{"line":66,"column":15},"end":{"line":66,"column":20}},"loc":{"start":{"line":66,"column":27},"end":{"line":72,"column":4}},"line":66},"7":{"name":"rfToSharedEdges","decl":{"start":{"line":75,"column":16},"end":{"line":75,"column":32}},"loc":{"start":{"line":75,"column":63},"end":{"line":81,"column":null}},"line":75},"8":{"name":"(anonymous_8)","decl":{"start":{"line":76,"column":15},"end":{"line":76,"column":20}},"loc":{"start":{"line":76,"column":27},"end":{"line":80,"column":4}},"line":76},"9":{"name":"validateDistribution","decl":{"start":{"line":83,"column":9},"end":{"line":83,"column":30}},"loc":{"start":{"line":83,"column":91},"end":{"line":100,"column":null}},"line":83},"10":{"name":"(anonymous_10)","decl":{"start":{"line":134,"column":28},"end":{"line":134,"column":47}},"loc":{"start":{"line":134,"column":61},"end":{"line":401,"column":2}},"line":134},"11":{"name":"(anonymous_11)","decl":{"start":{"line":139,"column":2},"end":{"line":139,"column":18}},"loc":{"start":{"line":139,"column":30},"end":{"line":141,"column":null}},"line":139},"12":{"name":"(anonymous_12)","decl":{"start":{"line":140,"column":4},"end":{"line":140,"column":9}},"loc":{"start":{"line":140,"column":20},"end":{"line":140,"column":70}},"line":140},"13":{"name":"(anonymous_13)","decl":{"start":{"line":143,"column":2},"end":{"line":143,"column":18}},"loc":{"start":{"line":143,"column":30},"end":{"line":145,"column":null}},"line":143},"14":{"name":"(anonymous_14)","decl":{"start":{"line":144,"column":4},"end":{"line":144,"column":9}},"loc":{"start":{"line":144,"column":20},"end":{"line":144,"column":70}},"line":144},"15":{"name":"(anonymous_15)","decl":{"start":{"line":147,"column":2},"end":{"line":147,"column":22}},"loc":{"start":{"line":147,"column":29},"end":{"line":147,"column":null}},"line":147},"16":{"name":"(anonymous_16)","decl":{"start":{"line":149,"column":2},"end":{"line":149,"column":12}},"loc":{"start":{"line":149,"column":31},"end":{"line":160,"column":null}},"line":149},"17":{"name":"(anonymous_17)","decl":{"start":{"line":158,"column":4},"end":{"line":158,"column":9}},"loc":{"start":{"line":158,"column":20},"end":{"line":158,"column":54}},"line":158},"18":{"name":"(anonymous_18)","decl":{"start":{"line":162,"column":2},"end":{"line":162,"column":15}},"loc":{"start":{"line":162,"column":22},"end":{"line":168,"column":null}},"line":162},"19":{"name":"(anonymous_19)","decl":{"start":{"line":163,"column":4},"end":{"line":163,"column":9}},"loc":{"start":{"line":163,"column":20},"end":{"line":167,"column":6}},"line":163},"20":{"name":"(anonymous_20)","decl":{"start":{"line":164,"column":25},"end":{"line":164,"column":33}},"loc":{"start":{"line":164,"column":39},"end":{"line":164,"column":50}},"line":164},"21":{"name":"(anonymous_21)","decl":{"start":{"line":165,"column":25},"end":{"line":165,"column":33}},"loc":{"start":{"line":165,"column":39},"end":{"line":165,"column":73}},"line":165},"22":{"name":"(anonymous_22)","decl":{"start":{"line":170,"column":2},"end":{"line":170,"column":29}},"loc":{"start":{"line":170,"column":36},"end":{"line":188,"column":null}},"line":170},"23":{"name":"(anonymous_23)","decl":{"start":{"line":183,"column":4},"end":{"line":183,"column":9}},"loc":{"start":{"line":183,"column":20},"end":{"line":187,"column":6}},"line":183},"24":{"name":"(anonymous_24)","decl":{"start":{"line":184,"column":25},"end":{"line":184,"column":33}},"loc":{"start":{"line":184,"column":39},"end":{"line":184,"column":58}},"line":184},"25":{"name":"(anonymous_25)","decl":{"start":{"line":185,"column":25},"end":{"line":185,"column":33}},"loc":{"start":{"line":185,"column":39},"end":{"line":185,"column":89}},"line":185},"26":{"name":"(anonymous_26)","decl":{"start":{"line":190,"column":2},"end":{"line":190,"column":18}},"loc":{"start":{"line":190,"column":25},"end":{"line":202,"column":null}},"line":190},"27":{"name":"(anonymous_27)","decl":{"start":{"line":191,"column":29},"end":{"line":191,"column":35}},"loc":{"start":{"line":191,"column":41},"end":{"line":191,"column":52}},"line":191},"28":{"name":"(anonymous_28)","decl":{"start":{"line":201,"column":4},"end":{"line":201,"column":9}},"loc":{"start":{"line":201,"column":20},"end":{"line":201,"column":57}},"line":201},"29":{"name":"(anonymous_29)","decl":{"start":{"line":204,"column":2},"end":{"line":204,"column":19}},"loc":{"start":{"line":204,"column":32},"end":{"line":208,"column":null}},"line":204},"30":{"name":"(anonymous_30)","decl":{"start":{"line":205,"column":4},"end":{"line":205,"column":9}},"loc":{"start":{"line":205,"column":20},"end":{"line":207,"column":6}},"line":205},"31":{"name":"(anonymous_31)","decl":{"start":{"line":206,"column":25},"end":{"line":206,"column":30}},"loc":{"start":{"line":206,"column":37},"end":{"line":206,"column":94}},"line":206},"32":{"name":"(anonymous_32)","decl":{"start":{"line":210,"column":2},"end":{"line":210,"column":20}},"loc":{"start":{"line":210,"column":34},"end":{"line":212,"column":null}},"line":210},"33":{"name":"(anonymous_33)","decl":{"start":{"line":214,"column":2},"end":{"line":214,"column":19}},"loc":{"start":{"line":214,"column":32},"end":{"line":222,"column":null}},"line":214},"34":{"name":"(anonymous_34)","decl":{"start":{"line":215,"column":4},"end":{"line":215,"column":9}},"loc":{"start":{"line":215,"column":20},"end":{"line":221,"column":6}},"line":215},"35":{"name":"(anonymous_35)","decl":{"start":{"line":216,"column":25},"end":{"line":216,"column":30}},"loc":{"start":{"line":217,"column":8},"end":{"line":219,"column":null}},"line":217},"36":{"name":"(anonymous_36)","decl":{"start":{"line":224,"column":2},"end":{"line":224,"column":21}},"loc":{"start":{"line":224,"column":40},"end":{"line":226,"column":null}},"line":224},"37":{"name":"(anonymous_37)","decl":{"start":{"line":228,"column":2},"end":{"line":228,"column":15}},"loc":{"start":{"line":228,"column":30},"end":{"line":271,"column":null}},"line":228},"38":{"name":"(anonymous_38)","decl":{"start":{"line":235,"column":14},"end":{"line":235,"column":20}},"loc":{"start":{"line":235,"column":26},"end":{"line":235,"column":68}},"line":235},"39":{"name":"(anonymous_39)","decl":{"start":{"line":238,"column":14},"end":{"line":238,"column":20}},"loc":{"start":{"line":238,"column":26},"end":{"line":238,"column":45}},"line":238},"40":{"name":"(anonymous_40)","decl":{"start":{"line":241,"column":29},"end":{"line":241,"column":35}},"loc":{"start":{"line":241,"column":41},"end":{"line":241,"column":56}},"line":241},"41":{"name":"hasCycle","decl":{"start":{"line":255,"column":13},"end":{"line":255,"column":22}},"loc":{"start":{"line":255,"column":47},"end":{"line":265,"column":null}},"line":255},"42":{"name":"(anonymous_42)","decl":{"start":{"line":273,"column":2},"end":{"line":273,"column":12}},"loc":{"start":{"line":273,"column":27},"end":{"line":284,"column":null}},"line":273},"43":{"name":"(anonymous_43)","decl":{"start":{"line":283,"column":4},"end":{"line":283,"column":9}},"loc":{"start":{"line":283,"column":20},"end":{"line":283,"column":54}},"line":283},"44":{"name":"(anonymous_44)","decl":{"start":{"line":286,"column":2},"end":{"line":286,"column":15}},"loc":{"start":{"line":286,"column":22},"end":{"line":288,"column":null}},"line":286},"45":{"name":"(anonymous_45)","decl":{"start":{"line":287,"column":4},"end":{"line":287,"column":9}},"loc":{"start":{"line":287,"column":20},"end":{"line":287,"column":70}},"line":287},"46":{"name":"(anonymous_46)","decl":{"start":{"line":287,"column":41},"end":{"line":287,"column":49}},"loc":{"start":{"line":287,"column":55},"end":{"line":287,"column":66}},"line":287},"47":{"name":"(anonymous_47)","decl":{"start":{"line":290,"column":2},"end":{"line":290,"column":19}},"loc":{"start":{"line":290,"column":19},"end":{"line":290,"column":null}},"line":290},"48":{"name":"(anonymous_48)","decl":{"start":{"line":292,"column":2},"end":{"line":292,"column":13}},"loc":{"start":{"line":292,"column":42},"end":{"line":298,"column":null}},"line":292},"49":{"name":"(anonymous_49)","decl":{"start":{"line":300,"column":2},"end":{"line":300,"column":20}},"loc":{"start":{"line":300,"column":20},"end":{"line":330,"column":null}},"line":300},"50":{"name":"(anonymous_50)","decl":{"start":{"line":305,"column":6},"end":{"line":305,"column":33}},"loc":{"start":{"line":305,"column":33},"end":{"line":305,"column":36}},"line":305},"51":{"name":"(anonymous_51)","decl":{"start":{"line":320,"column":19},"end":{"line":320,"column":24}},"loc":{"start":{"line":320,"column":33},"end":{"line":328,"column":7}},"line":320},"52":{"name":"(anonymous_52)","decl":{"start":{"line":332,"column":2},"end":{"line":332,"column":29}},"loc":{"start":{"line":332,"column":29},"end":{"line":372,"column":null}},"line":332},"53":{"name":"(anonymous_53)","decl":{"start":{"line":342,"column":42},"end":{"line":342,"column":47}},"loc":{"start":{"line":342,"column":53},"end":{"line":342,"column":61}},"line":342},"54":{"name":"(anonymous_54)","decl":{"start":{"line":343,"column":24},"end":{"line":343,"column":32}},"loc":{"start":{"line":343,"column":38},"end":{"line":343,"column":64}},"line":343},"55":{"name":"(anonymous_55)","decl":{"start":{"line":364,"column":31},"end":{"line":364,"column":39}},"loc":{"start":{"line":364,"column":45},"end":{"line":364,"column":65}},"line":364},"56":{"name":"(anonymous_56)","decl":{"start":{"line":374,"column":2},"end":{"line":374,"column":28}},"loc":{"start":{"line":374,"column":35},"end":{"line":388,"column":null}},"line":374},"57":{"name":"(anonymous_57)","decl":{"start":{"line":376,"column":23},"end":{"line":376,"column":29}},"loc":{"start":{"line":376,"column":35},"end":{"line":376,"column":46}},"line":376},"58":{"name":"(anonymous_58)","decl":{"start":{"line":386,"column":27},"end":{"line":386,"column":35}},"loc":{"start":{"line":386,"column":41},"end":{"line":386,"column":61}},"line":386},"59":{"name":"(anonymous_59)","decl":{"start":{"line":390,"column":2},"end":{"line":390,"column":22}},"loc":{"start":{"line":390,"column":22},"end":{"line":394,"column":null}},"line":390},"60":{"name":"(anonymous_60)","decl":{"start":{"line":392,"column":42},"end":{"line":392,"column":47}},"loc":{"start":{"line":392,"column":53},"end":{"line":392,"column":61}},"line":392},"61":{"name":"(anonymous_61)","decl":{"start":{"line":393,"column":17},"end":{"line":393,"column":25}},"loc":{"start":{"line":393,"column":31},"end":{"line":393,"column":57}},"line":393},"62":{"name":"(anonymous_62)","decl":{"start":{"line":396,"column":2},"end":{"line":396,"column":16}},"loc":{"start":{"line":396,"column":23},"end":{"line":400,"column":null}},"line":396},"63":{"name":"(anonymous_63)","decl":{"start":{"line":398,"column":27},"end":{"line":398,"column":35}},"loc":{"start":{"line":398,"column":41},"end":{"line":398,"column":56}},"line":398},"64":{"name":"(anonymous_64)","decl":{"start":{"line":398,"column":58},"end":{"line":398,"column":63}},"loc":{"start":{"line":398,"column":69},"end":{"line":398,"column":77}},"line":398},"65":{"name":"(anonymous_65)","decl":{"start":{"line":399,"column":17},"end":{"line":399,"column":25}},"loc":{"start":{"line":399,"column":31},"end":{"line":399,"column":54}},"line":399}},"branchMap":{"0":{"loc":{"start":{"line":38,"column":9},"end":{"line":38,"column":null}},"type":"cond-expr","locations":[{"start":{"line":38,"column":27},"end":{"line":38,"column":36}},{"start":{"line":38,"column":36},"end":{"line":38,"column":null}}],"line":38},"1":{"loc":{"start":{"line":85,"column":2},"end":{"line":98,"column":null}},"type":"if","locations":[{"start":{"line":85,"column":2},"end":{"line":98,"column":null}},{"start":{"line":90,"column":9},"end":{"line":98,"column":null}}],"line":85},"2":{"loc":{"start":{"line":87,"column":4},"end":{"line":89,"column":null}},"type":"if","locations":[{"start":{"line":87,"column":4},"end":{"line":89,"column":null}},{"start":{},"end":{}}],"line":87},"3":{"loc":{"start":{"line":87,"column":10},"end":{"line":87,"column":64}},"type":"binary-expr","locations":[{"start":{"line":87,"column":10},"end":{"line":87,"column":22}},{"start":{"line":87,"column":22},"end":{"line":87,"column":37}},{"start":{"line":87,"column":37},"end":{"line":87,"column":52}},{"start":{"line":87,"column":52},"end":{"line":87,"column":64}}],"line":87},"4":{"loc":{"start":{"line":90,"column":9},"end":{"line":98,"column":null}},"type":"if","locations":[{"start":{"line":90,"column":9},"end":{"line":98,"column":null}},{"start":{"line":94,"column":9},"end":{"line":98,"column":null}}],"line":90},"5":{"loc":{"start":{"line":91,"column":4},"end":{"line":93,"column":null}},"type":"if","locations":[{"start":{"line":91,"column":4},"end":{"line":93,"column":null}},{"start":{},"end":{}}],"line":91},"6":{"loc":{"start":{"line":94,"column":9},"end":{"line":98,"column":null}},"type":"if","locations":[{"start":{"line":94,"column":9},"end":{"line":98,"column":null}},{"start":{},"end":{}}],"line":94},"7":{"loc":{"start":{"line":95,"column":4},"end":{"line":97,"column":null}},"type":"if","locations":[{"start":{"line":95,"column":4},"end":{"line":97,"column":null}},{"start":{},"end":{}}],"line":95},"8":{"loc":{"start":{"line":165,"column":39},"end":{"line":165,"column":73}},"type":"binary-expr","locations":[{"start":{"line":165,"column":39},"end":{"line":165,"column":58}},{"start":{"line":165,"column":58},"end":{"line":165,"column":73}}],"line":165},"9":{"loc":{"start":{"line":166,"column":22},"end":{"line":166,"column":null}},"type":"cond-expr","locations":[{"start":{"line":166,"column":52},"end":{"line":166,"column":59}},{"start":{"line":166,"column":59},"end":{"line":166,"column":null}}],"line":166},"10":{"loc":{"start":{"line":178,"column":8},"end":{"line":180,"column":null}},"type":"if","locations":[{"start":{"line":178,"column":8},"end":{"line":180,"column":null}},{"start":{},"end":{}}],"line":178},"11":{"loc":{"start":{"line":178,"column":12},"end":{"line":178,"column":67}},"type":"binary-expr","locations":[{"start":{"line":178,"column":12},"end":{"line":178,"column":39}},{"start":{"line":178,"column":39},"end":{"line":178,"column":67}}],"line":178},"12":{"loc":{"start":{"line":185,"column":39},"end":{"line":185,"column":89}},"type":"binary-expr","locations":[{"start":{"line":185,"column":39},"end":{"line":185,"column":66}},{"start":{"line":185,"column":66},"end":{"line":185,"column":89}}],"line":185},"13":{"loc":{"start":{"line":186,"column":22},"end":{"line":186,"column":null}},"type":"cond-expr","locations":[{"start":{"line":186,"column":65},"end":{"line":186,"column":72}},{"start":{"line":186,"column":72},"end":{"line":186,"column":null}}],"line":186},"14":{"loc":{"start":{"line":186,"column":35},"end":{"line":186,"column":61}},"type":"binary-expr","locations":[{"start":{"line":186,"column":35},"end":{"line":186,"column":59}},{"start":{"line":186,"column":59},"end":{"line":186,"column":61}}],"line":186},"15":{"loc":{"start":{"line":192,"column":4},"end":{"line":192,"column":null}},"type":"if","locations":[{"start":{"line":192,"column":4},"end":{"line":192,"column":null}},{"start":{},"end":{}}],"line":192},"16":{"loc":{"start":{"line":206,"column":37},"end":{"line":206,"column":94}},"type":"cond-expr","locations":[{"start":{"line":206,"column":51},"end":{"line":206,"column":92}},{"start":{"line":206,"column":92},"end":{"line":206,"column":94}}],"line":206},"17":{"loc":{"start":{"line":217,"column":8},"end":{"line":219,"column":null}},"type":"cond-expr","locations":[{"start":{"line":218,"column":12},"end":{"line":218,"column":null}},{"start":{"line":219,"column":12},"end":{"line":219,"column":null}}],"line":217},"18":{"loc":{"start":{"line":231,"column":4},"end":{"line":231,"column":null}},"type":"if","locations":[{"start":{"line":231,"column":4},"end":{"line":231,"column":null}},{"start":{},"end":{}}],"line":231},"19":{"loc":{"start":{"line":231,"column":8},"end":{"line":231,"column":28}},"type":"binary-expr","locations":[{"start":{"line":231,"column":8},"end":{"line":231,"column":19}},{"start":{"line":231,"column":19},"end":{"line":231,"column":28}}],"line":231},"20":{"loc":{"start":{"line":232,"column":4},"end":{"line":232,"column":null}},"type":"if","locations":[{"start":{"line":232,"column":4},"end":{"line":232,"column":null}},{"start":{},"end":{}}],"line":232},"21":{"loc":{"start":{"line":235,"column":4},"end":{"line":235,"column":null}},"type":"if","locations":[{"start":{"line":235,"column":4},"end":{"line":235,"column":null}},{"start":{},"end":{}}],"line":235},"22":{"loc":{"start":{"line":235,"column":26},"end":{"line":235,"column":68}},"type":"binary-expr","locations":[{"start":{"line":235,"column":26},"end":{"line":235,"column":49}},{"start":{"line":235,"column":49},"end":{"line":235,"column":68}}],"line":235},"23":{"loc":{"start":{"line":238,"column":4},"end":{"line":238,"column":null}},"type":"if","locations":[{"start":{"line":238,"column":4},"end":{"line":238,"column":null}},{"start":{},"end":{}}],"line":238},"24":{"loc":{"start":{"line":242,"column":4},"end":{"line":242,"column":null}},"type":"if","locations":[{"start":{"line":242,"column":4},"end":{"line":242,"column":null}},{"start":{},"end":{}}],"line":242},"25":{"loc":{"start":{"line":247,"column":6},"end":{"line":247,"column":null}},"type":"if","locations":[{"start":{"line":247,"column":6},"end":{"line":247,"column":null}},{"start":{},"end":{}}],"line":247},"26":{"loc":{"start":{"line":250,"column":4},"end":{"line":250,"column":null}},"type":"if","locations":[{"start":{"line":250,"column":4},"end":{"line":250,"column":null}},{"start":{},"end":{}}],"line":250},"27":{"loc":{"start":{"line":256,"column":6},"end":{"line":256,"column":null}},"type":"if","locations":[{"start":{"line":256,"column":6},"end":{"line":256,"column":null}},{"start":{},"end":{}}],"line":256},"28":{"loc":{"start":{"line":257,"column":6},"end":{"line":257,"column":null}},"type":"if","locations":[{"start":{"line":257,"column":6},"end":{"line":257,"column":null}},{"start":{},"end":{}}],"line":257},"29":{"loc":{"start":{"line":260,"column":26},"end":{"line":260,"column":55}},"type":"binary-expr","locations":[{"start":{"line":260,"column":26},"end":{"line":260,"column":51}},{"start":{"line":260,"column":51},"end":{"line":260,"column":55}}],"line":260},"30":{"loc":{"start":{"line":261,"column":8},"end":{"line":261,"column":null}},"type":"if","locations":[{"start":{"line":261,"column":8},"end":{"line":261,"column":null}},{"start":{},"end":{}}],"line":261},"31":{"loc":{"start":{"line":267,"column":6},"end":{"line":267,"column":null}},"type":"if","locations":[{"start":{"line":267,"column":6},"end":{"line":267,"column":null}},{"start":{},"end":{}}],"line":267},"32":{"loc":{"start":{"line":274,"column":4},"end":{"line":274,"column":null}},"type":"if","locations":[{"start":{"line":274,"column":4},"end":{"line":274,"column":null}},{"start":{},"end":{}}],"line":274},"33":{"loc":{"start":{"line":302,"column":4},"end":{"line":302,"column":null}},"type":"if","locations":[{"start":{"line":302,"column":4},"end":{"line":302,"column":null}},{"start":{},"end":{}}],"line":302},"34":{"loc":{"start":{"line":309,"column":16},"end":{"line":309,"column":null}},"type":"cond-expr","locations":[{"start":{"line":309,"column":48},"end":{"line":309,"column":54}},{"start":{"line":309,"column":54},"end":{"line":309,"column":null}}],"line":309},"35":{"loc":{"start":{"line":310,"column":16},"end":{"line":310,"column":null}},"type":"cond-expr","locations":[{"start":{"line":310,"column":48},"end":{"line":310,"column":53}},{"start":{"line":310,"column":53},"end":{"line":310,"column":null}}],"line":310},"36":{"loc":{"start":{"line":322,"column":18},"end":{"line":322,"column":null}},"type":"cond-expr","locations":[{"start":{"line":322,"column":50},"end":{"line":322,"column":56}},{"start":{"line":322,"column":56},"end":{"line":322,"column":null}}],"line":322},"37":{"loc":{"start":{"line":323,"column":18},"end":{"line":323,"column":null}},"type":"cond-expr","locations":[{"start":{"line":323,"column":50},"end":{"line":323,"column":55}},{"start":{"line":323,"column":55},"end":{"line":323,"column":null}}],"line":323},"38":{"loc":{"start":{"line":336,"column":4},"end":{"line":339,"column":null}},"type":"if","locations":[{"start":{"line":336,"column":4},"end":{"line":339,"column":null}},{"start":{},"end":{}}],"line":336},"39":{"loc":{"start":{"line":344,"column":4},"end":{"line":348,"column":null}},"type":"if","locations":[{"start":{"line":344,"column":4},"end":{"line":348,"column":null}},{"start":{"line":346,"column":11},"end":{"line":348,"column":null}}],"line":344},"40":{"loc":{"start":{"line":346,"column":11},"end":{"line":348,"column":null}},"type":"if","locations":[{"start":{"line":346,"column":11},"end":{"line":348,"column":null}},{"start":{},"end":{}}],"line":346},"41":{"loc":{"start":{"line":352,"column":6},"end":{"line":358,"column":null}},"type":"if","locations":[{"start":{"line":352,"column":6},"end":{"line":358,"column":null}},{"start":{},"end":{}}],"line":352},"42":{"loc":{"start":{"line":353,"column":8},"end":{"line":357,"column":null}},"type":"if","locations":[{"start":{"line":353,"column":8},"end":{"line":357,"column":null}},{"start":{"line":355,"column":15},"end":{"line":357,"column":null}}],"line":353},"43":{"loc":{"start":{"line":363,"column":6},"end":{"line":368,"column":null}},"type":"if","locations":[{"start":{"line":363,"column":6},"end":{"line":368,"column":null}},{"start":{},"end":{}}],"line":363},"44":{"loc":{"start":{"line":363,"column":10},"end":{"line":363,"column":71}},"type":"binary-expr","locations":[{"start":{"line":363,"column":10},"end":{"line":363,"column":42}},{"start":{"line":363,"column":42},"end":{"line":363,"column":71}}],"line":363},"45":{"loc":{"start":{"line":365,"column":8},"end":{"line":367,"column":null}},"type":"if","locations":[{"start":{"line":365,"column":8},"end":{"line":367,"column":null}},{"start":{},"end":{}}],"line":365},"46":{"loc":{"start":{"line":377,"column":4},"end":{"line":377,"column":null}},"type":"if","locations":[{"start":{"line":377,"column":4},"end":{"line":377,"column":null}},{"start":{},"end":{}}],"line":377},"47":{"loc":{"start":{"line":379,"column":4},"end":{"line":383,"column":null}},"type":"if","locations":[{"start":{"line":379,"column":4},"end":{"line":383,"column":null}},{"start":{},"end":{}}],"line":379},"48":{"loc":{"start":{"line":380,"column":6},"end":{"line":380,"column":null}},"type":"if","locations":[{"start":{"line":380,"column":6},"end":{"line":380,"column":null}},{"start":{},"end":{}}],"line":380},"49":{"loc":{"start":{"line":382,"column":13},"end":{"line":382,"column":null}},"type":"cond-expr","locations":[{"start":{"line":382,"column":38},"end":{"line":382,"column":48}},{"start":{"line":382,"column":48},"end":{"line":382,"column":null}}],"line":382},"50":{"loc":{"start":{"line":387,"column":11},"end":{"line":387,"column":nul
[...]
,"35":{"start":{"line":76,"column":19},"end":{"line":76,"column":null}},"36":{"start":{"line":77,"column":6},"end":{"line":79,"column":null}},"37":{"start":{"line":78,"column":8},"end":{"line":78,"column":null}},"38":{"start":{"line":84,"column":17},"end":{"line":84,"column":null}},"39":{"start":{"line":86,"column":27},"end":{"line":86,"column":null}},"40":{"start":{"line":89,"column":18},"end":{"line":89,"column":null}},"41":{"start":{"line":89,"column":35},"end":{"line":89,"column":39}},"42":{"start":{"line":90,"column":22},"end":{"line":90,"column":null}},"43":{"start":{"line":91,"column":2},"end":{"line":91,"column":null}},"44":{"start":{"line":91,"column":28},"end":{"line":91,"column":null}},"45":{"start":{"line":93,"column":29},"end":{"line":93,"column":null}},"46":{"start":{"line":94,"column":20},"end":{"line":94,"column":null}},"47":{"start":{"line":95,"column":33},"end":{"line":95,"column":null}},"48":{"start":{"line":97,"column":2},"end":{"line":155,"column":null}},"49":{"start":{"line":97,"column":15},"end":{"line":97,"column":18}},"50":{"start":{"line":99,"column":4},"end":{"line":101,"column":null}},"51":{"start":{"line":100,"column":6},"end":{"line":100,"column":null}},"52":{"start":{"line":104,"column":10},"end":{"line":104,"column":null}},"53":{"start":{"line":107,"column":10},"end":{"line":107,"column":null}},"54":{"start":{"line":108,"column":10},"end":{"line":108,"column":null}},"55":{"start":{"line":111,"column":20},"end":{"line":111,"column":null}},"56":{"start":{"line":112,"column":16},"end":{"line":112,"column":null}},"57":{"start":{"line":113,"column":4},"end":{"line":113,"column":null}},"58":{"start":{"line":116,"column":4},"end":{"line":118,"column":null}},"59":{"start":{"line":117,"column":6},"end":{"line":117,"column":null}},"60":{"start":{"line":121,"column":4},"end":{"line":148,"column":null}},"61":{"start":{"line":122,"column":6},"end":{"line":147,"column":null}},"62":{"start":{"line":123,"column":29},"end":{"line":125,"column":null}},"63":{"start":{"line":124,"column":17},"end":{"line":124,"column":null}},"64":{"start":{"line":126,"column":8},"end":{"line":146,"column":null}},"65":{"start":{"line":128,"column":32},"end":{"line":128,"column":null}},"66":{"start":{"line":129,"column":10},"end":{"line":138,"column":null}},"67":{"start":{"line":130,"column":12},"end":{"line":130,"column":null}},"68":{"start":{"line":130,"column":28},"end":{"line":130,"column":null}},"69":{"start":{"line":131,"column":25},"end":{"line":131,"column":null}},"70":{"start":{"line":132,"column":12},"end":{"line":132,"column":null}},"71":{"start":{"line":132,"column":23},"end":{"line":132,"column":null}},"72":{"start":{"line":133,"column":25},"end":{"line":133,"column":null}},"73":{"start":{"line":134,"column":23},"end":{"line":134,"column":null}},"74":{"start":{"line":135,"column":12},"end":{"line":136,"column":null}},"75":{"start":{"line":135,"column":38},"end":{"line":135,"column":null}},"76":{"start":{"line":136,"column":17},"end":{"line":136,"column":null}},"77":{"start":{"line":136,"column":47},"end":{"line":136,"column":null}},"78":{"start":{"line":137,"column":12},"end":{"line":137,"column":null}},"79":{"start":{"line":139,"column":10},"end":{"line":145,"column":null}},"80":{"start":{"line":140,"column":29},"end":{"line":140,"column":null}},"81":{"start":{"line":140,"column":47},"end":{"line":140,"column":59}},"82":{"start":{"line":141,"column":12},"end":{"line":143,"column":null}},"83":{"start":{"line":144,"column":12},"end":{"line":144,"column":null}},"84":{"start":{"line":151,"column":4},"end":{"line":154,"column":null}},"85":{"start":{"line":152,"column":22},"end":{"line":152,"column":null}},"86":{"start":{"line":153,"column":6},"end":{"line":153,"column":null}},"87":{"start":{"line":157,"column":2},"end":{"line":157,"column":null}},"88":{"start":{"line":157,"column":17},"end":{"line":157,"column":null}},"89":{"start":{"line":159,"column":19},"end":{"line":159,"column":null}},"90":{"start":{"line":162,"column":18},"end":{"line":162,"column":null}},"91":{"start":{"line":163,"column":47},"end":{"line":163,"column":null}},"92":{"start":{"line":164,"column":2},"end":{"line":168,"column":null}},"93":{"start":{"line":165,"column":17},"end":{"line":165,"column":null}},"94":{"start":{"line":166,"column":18},"end":{"line":166,"column":null}},"95":{"start":{"line":167,"column":4},"end":{"line":167,"column":null}},"96":{"start":{"line":170,"column":35},"end":{"line":180,"column":null}},"97":{"start":{"line":182,"column":2},"end":{"line":182,"column":null}},"98":{"start":{"line":189,"column":12},"end":{"line":189,"column":null}},"99":{"start":{"line":190,"column":2},"end":{"line":192,"column":null}},"100":{"start":{"line":191,"column":4},"end":{"line":191,"column":null}},"101":{"start":{"line":194,"column":15},"end":{"line":194,"column":null}},"102":{"start":{"line":194,"column":39},"end":{"line":194,"column":46}},"103":{"start":{"line":195,"column":19},"end":{"line":195,"column":null}},"104":{"start":{"line":195,"column":45},"end":{"line":195,"column":68}},"105":{"start":{"line":196,"column":17},"end":{"line":196,"column":null}},"106":{"start":{"line":198,"column":17},"end":{"line":198,"column":null}},"107":{"start":{"line":198,"column":44},"end":{"line":198,"column":49}},"108":{"start":{"line":199,"column":46},"end":{"line":199,"column":null}},"109":{"start":{"line":200,"column":2},"end":{"line":203,"column":null}},"110":{"start":{"line":201,"column":18},"end":{"line":201,"column":null}},"111":{"start":{"line":202,"column":4},"end":{"line":202,"column":null}},"112":{"start":{"line":205,"column":2},"end":{"line":205,"column":null}}},"fnMap":{"0":{"name":"(anonymous_0)","decl":{"start":{"line":20,"column":5},"end":{"line":20,"column":18}},"loc":{"start":{"line":20,"column":53},"end":{"line":30,"column":null}},"line":20},"1":{"name":"runSimulation","decl":{"start":{"line":32,"column":9},"end":{"line":32,"column":23}},"loc":{"start":{"line":32,"column":64},"end":{"line":183,"column":null}},"line":32},"2":{"name":"(anonymous_2)","decl":{"start":{"line":89,"column":24},"end":{"line":89,"column":29}},"loc":{"start":{"line":89,"column":35},"end":{"line":89,"column":39}},"line":89},"3":{"name":"(anonymous_3)","decl":{"start":{"line":123,"column":41},"end":{"line":123,"column":null}},"loc":{"start":{"line":124,"column":17},"end":{"line":124,"column":null}},"line":124},"4":{"name":"(anonymous_4)","decl":{"start":{"line":140,"column":35},"end":{"line":140,"column":41}},"loc":{"start":{"line":140,"column":47},"end":{"line":140,"column":59}},"line":140},"5":{"name":"computeStats","decl":{"start":{"line":185,"column":9},"end":{"line":185,"column":null}},"loc":{"start":{"line":188,"column":73},"end":{"line":206,"column":null}},"line":188},"6":{"name":"(anonymous_6)","decl":{"start":{"line":194,"column":22},"end":{"line":194,"column":30}},"loc":{"start":{"line":194,"column":39},"end":{"line":194,"column":46}},"line":194},"7":{"name":"(anonymous_7)","decl":{"start":{"line":195,"column":26},"end":{"line":195,"column":34}},"loc":{"start":{"line":195,"column":45},"end":{"line":195,"column":68}},"line":195},"8":{"name":"(anonymous_8)","decl":{"start":{"line":198,"column":29},"end":{"line":198,"column":35}},"loc":{"start":{"line":198,"column":44},"end":{"line":198,"column":49}},"line":198}},"branchMap":{"0":{"loc":{"start":{"line":21,"column":2},"end":{"line":24,"column":null}},"type":"if","locations":[{"start":{"line":21,"column":2},"end":{"line":24,"column":null}},{"start":{},"end":{}}],"line":21},"1":{"loc":{"start":{"line":26,"column":2},"end":{"line":29,"column":null}},"type":"if","locations":[{"start":{"line":26,"column":2},"end":{"line":29,"column":null}},{"start":{},"end":{}}],"line":26},"2":{"loc":{"start":{"line":28,"column":35},"end":{"line":28,"column":56}},"type":"binary-expr","locations":[{"start":{"line":28,"column":35},"end":{"line":28,"column":54}},{"start":{"line":28,"column":54},"end":{"line":28,"column":56}}],"line":28},"3":{"loc":{"start":{"line":38,"column":2},"end":{"line":41,"column":null}},"type":"if","locations":[{"start":{"line":38,"column":2},"end":{"line":41,"column":null}},{"start":{},"end":{}}],"line":38},"4":{"loc":{"start":{"line":44,"column":14},"end":{"line":44,"column":null}},"type":"cond-expr","locations":[{"start":{"line":44,"column":22},"end":{"line":44,"column":48}},{"start":{"line":44,"column":48},"end":{"line":44,"column":null}}],"line":44},"5":{"loc":{"start":{"line":63,"column":2},"end":{"line":81,"column":null}},"type":"if","locations":[{"start":{"line":63,"column":2},"end":{"line":81,"column":null}},{"start":{},"end":{}}],"line":63},"6":{"loc":{"start":{"line":63,"column":6},"end":{"line":63,"column":59}},"type":"binary-expr","locations":[{"start":{"line":63,"column":6},"end":{"line":63,"column":28}},{"start":{"line":63,"column":28},"end":{"line":63,"column":59}}],"line":63},"7":{"loc":{"start":{"line":65,"column":6},"end":{"line":69,"column":null}},"type":"if","locations":[{"start":{"line":65,"column":6},"end":{"line":69,"column":null}},{"start":{},"end":{}}],"line":65},"8":{"loc":{"start":{"line":67,"column":8},"end":{"line":67,"column":null}},"type":"if","locations":[{"start":{"line":67,"column":8},"end":{"line":67,"column":null}},{"start":{},"end":{}}],"line":67},"9":{"loc":{"start":{"line":71,"column":23},"end":{"line":71,"column":null}},"type":"binary-expr","locations":[{"start":{"line":71,"column":23},"end":{"line":71,"column":56}},{"start":{"line":71,"column":56},"end":{"line":71,"column":null}}],"line":71},"10":{"loc":{"start":{"line":77,"column":6},"end":{"line":79,"column":null}},"type":"if","locations":[{"start":{"line":77,"column":6},"end":{"line":79,"column":null}},{"start":{},"end":{}}],"line":77},"11":{"loc":{"start":{"line":99,"column":4},"end":{"line":101,"column":null}},"type":"if","locations":[{"start":{"line":99,"column":4},"end":{"line":101,"column":null}},{"start":{},"end":{}}],"line":99},"12":{"loc":{"start":{"line":99,"column":8},"end":{"line":99,"column":49}},"type":"binary-expr","locations":[{"start":{"line":99,"column":8},"end":{"line":99,"column":38}},{"start":{"line":99,"column":38},"end":{"line":99,"column":49}}],"line":99},"13":{"loc":{"start":{"line":113,"column":18},"end":{"line":113,"column":41}},"type":"cond-expr","locations":[{"start":{"line":113,"column":34},"end":{"line":113,"column":40}},{"start":{"line":113,"column":40},"end":{"line":113,"column":41}}],"line":113},"14":{"loc":{"start":{"line":121,"column":4},"end":{"line":148,"column":null}},"type":"if","locations":[{"start":{"line":121,"column":4},"end":{"line":148,"column":null}},{"start":{},"end":{}}],"line":121},"15":{"loc":{"start":{"line":121,"column":8},"end":{"line":121,"column":46}},"type":"binary-expr","locations":[{"start":{"line":121,"column":8},"end":{"line":121,"column":19}},{"start":{"line":121,"column":19},"end":{"line":121,"column":46}}],"line":121},"16":{"loc":{"start":{"line":124,"column":17},"end":{"line":124,"column":null}},"type":"binary-expr","locations":[{"start":{"line":124,"column":17},"end":{"line":124,"column":30}},{"start":{"line":124,"column":30},"end":{"line":124,"column":null}}],"line":124},"17":{"loc":{"start":{"line":126,"column":8},"end":{"line":146,"column":null}},"type":"if","locations":[{"start":{"line":126,"column":8},"end":{"line":146,"column":null}},{"start":{},"end":{}}],"line":126},"18":{"loc":{"start":{"line":130,"column":12},"end":{"line":130,"column":null}},"type":"if","locations":[{"start":{"line":130,"column":12},"end":{"line":130,"column":null}},{"start":{},"end":{}}],"line":130},"19":{"loc":{"start":{"line":132,"column":12},"end":{"line":132,"column":null}},"type":"if","locations":[{"start":{"line":132,"column":12},"end":{"line":132,"column":null}},{"start":{},"end":{}}],"line":132},"20":{"loc":{"start":{"line":133,"column":25},"end":{"line":133,"column":null}},"type":"binary-expr","locations":[{"start":{"line":133,"column":25},"end":{"line":133,"column":51}},{"start":{"line":133,"column":51},"end":{"line":133,"column":null}}],"line":133},"21":{"loc":{"start":{"line":135,"column":12},"end":{"line":136,"column":null}},"type":"if","locations":[{"start":{"line":135,"column":12},"end":{"line":136,"column":null}},{"start":{"line":136,"column":17},"end":{"line":136,"column":null}}],"line":135},"22":{"loc":{"start":{"line":136,"column":17},"end":{"line":136,"column":null}},"type":"if","locations":[{"start":{"line":136,"column":17},"end":{"line":136,"column":null}},{"start":{},"end":{}}],"line":136},"23":{"loc":{"start":{"line":139,"column":10},"end":{"line":145,"column":null}},"type":"if","locations":[{"start":{"line":139,"column":10},"end":{"line":145,"column":null}},{"start":{},"end":{}}],"line":139},"24":{"loc":{"start":{"line":140,"column":29},"end":{"line":140,"column":null}},"type":"binary-expr","locations":[{"start":{"line":140,"column":29},"end":{"line":140,"column":71}},{"start":{"line":140,"column":71},"end":{"line":140,"column":null}}],"line":140},"25":{"loc":{"start":{"line":151,"column":4},"end":{"line":154,"column":null}},"type":"if","locations":[{"start":{"line":151,"column":4},"end":{"line":154,"column":null}},{"start":{},"end":{}}],"line":151},"26":{"loc":{"start":{"line":157,"column":2},"end":{"line":157,"column":null}},"type":"if","locations":[{"start":{"line":157,"column":2},"end":{"line":157,"column":null}},{"start":{},"end":{}}],"line":157},"27":{"loc":{"start":{"line":179,"column":21},"end":{"line":179,"column":null}},"type":"cond-expr","locations":[{"start":{"line":179,"column":50},"end":{"line":179,"column":68}},{"start":{"line":179,"column":68},"end":{"line":179,"column":null}}],"line":179},"28":{"loc":{"start":{"line":190,"column":2},"end":{"line":192,"column":null}},"type":"if","locations":[{"start":{"line":190,"column":2},"end":{"line":192,"column":null}},{"start":{},"end":{}}],"line":190},"29":{"loc":{"start":{"line":196,"column":27},"end":{"line":196,"column":40}},"type":"binary-expr","locations":[{"start":{"line":196,"column":27},"end":{"line":196,"column":39}},{"start":{"line":196,"column":39},"end":{"line":196,"column":40}}],"line":196}},"s":{"0":0,"1":0,"2":0,"3":0,"4":0,"5":0,"6":0,"7":0,"8":0,"9":0,"10":0,"11":0,"12":0,"13":0,"14":0,"15":0,"16":0,"17":0,"18":0,"19":0,"20":0,"21":0,"22":0,"23":0,"24":0,"25":0,"26":0,"27":0,"28":0,"29":0,"30":0,"31":0,"32":0,"33":0,"34":0,"35":0,"36":0,"37":0,"38":0,"39":0,"40":0,"41":0,"42":0,"43":0,"44":0,"45":0,"46":0,"47":0,"48":0,"49":0,"50":0,"51":0,"52":0,"53":0,"54":0,"55":0,"56":0,"57":0,"58":0,"59":0,"60":0,"61":0,"62":0,"63":0,"64":0,"65":0,"66":0,"67":0,"68":0,"69":0,"70":0,"71":0,"72":0,"73":0,"74":0,"75":0,"76":0,"77":0,"78":0,"79":0,"80":0,"81":0,"82":0,"83":0,"84":0,"85":0,"86":0,"87":0,"88":0,"89":0,"90":0,"91":0,"92":0,"93":0,"94":0,"95":0,"96":0,"97":0,"98":0,"99":0,"100":0,"101":0,"102":0,"103":0,"104":0,"105":0,"106":0,"107":0,"108":0,"109":0,"110":0,"111":0,"112":0},"f":{"0":0,"1":0,"2":0,"3":0,"4":0,"5":0,"6":0,"7":0,"8":0},"b":{"0":[0,0],"1":[0,0],"2":[0,0],"3":[0,0],"4":[0,0],"5":[0,0],"6":[0,0],"7":[0,0],"8":[0,0],"9":[0,0],"10":[0,0],"11":[0,0],"12":[0,0],"13":[0,0],"14":[0,0],"15":[0,0],"16":[0,0],"17":[0,0],"18":[0,0],"19":[0,0],"20":[0,0],"21":[0,0],"22":[0,0],"23":[0,0],"24":[0,0],"25":[0,0],"26":[0,0],"27":[0,0],"28":[0,0],"29":[0,0]},"meta":{"lastBranch":30,"lastFunction":9,"lastStatement":113,"seen":{"s:18:16:18:Infinity":0,"s:20:0:30:Infinity":1,"f:20:5:20:18":0,"b:21:2:24:Infinity:undefined:undefined:undefined:undefined":0,"s:21:2:24:Infinity":2,"s:22:4:22:Infinity":3,"s:23:4:23:Infinity":4,"b:26:2:29:Infinity:undefined:undefined:undefined:undefined":1,"s:26:2:29:Infinity":5,"s:27:4:27:Infinity":6,"s:28:4:28:Infinity":7,"b:28:35:28:54:28:54:28:56":2,"f:32:9:32:23":1,"s:33:80:33:Infinity":8,"s:34:52:34:Infinity":9,"s:37:8:37:Infinity":10,"b:38:2:41:Infinity:undefined:undefined:undefined:undefined":3,"s:38:2:41:Infinity":11,"s:39:4:39:Infinity":12,"s:40:4:40:Infinity":13,"s:44:14:44:Infinity":14,"b:44:22:44:48:44:48:44:Infinity":4,"s:48:2:53:Infinity":15,"s:49:4:49:Infinity":16,"s:51:4:51:Infinity":17,"s:52:4:52:Infinity":18,"s:56:21:56:Infinity":19,"s:57:2:57:Infinity":20,"s:57:28:57:Infinity":21,"s:59:26:59:Infinity":22,"s:60:45:60:Infinity":23,"s:61:36:61:Infinity":24,"b:63:2:81:Infinity:undefined:undefined:undefined:undefined":5,"s:63:2:81:Infinity":25,"b:63:6:63:28:63:28:63:59":6,"s:64:4:80:Infinity":26,"b:65:6:69:Infinity:undefined:undefined:undefined:undefined":7,"s:65:6:69:Infinity":27,"s:66:20:66:Infinity":28,"b:67:8:67:Infinity:undefined:undefined:undefined:undefined":8,"s:67:8:67:Infinity":29,"s:67:44:67:Infinity":30,"s:68:8:68:Infinity":31,"s:71:23:71:Infinity":32,"b:71:23:71:56:71:56:71:Infinity":9,"s:72:6:72:Infinity":33,"s:73:6:73:Infinity":34,"s:76:19:76:Infinity":35,"b:77:6:79:Infinity:undefined:undefined:undefined:undefined":10,"s:77:6:79:Infinity":36,"s:78:8:78:Infinity":37,"s:84:17:84:Infinity":38,"s:86:27:86:Infinity":39,"s:89:18:89:Infinity":40,"f:89:24:89:29":2,"s:89:35:89:39":41,"s:90:22:90:Infinity":42,"s:91:2:91:Infinity":43,"s:91:28:91:Infinity":44,"s:93:29:93:Infinity":45,"s:94:20:94:Infinity":46,"s:95:33:95:Infinity":47,"s:97:2:155:Infinity":48,"s:97:15:97:18":49,"b:99:4:101:Infinity:undefined:undefined:undefined:undefined":11,"s:99:4:101:Infinity":50,"b:99:8:99:38:99:38:99:49":12,"s:100:6:100:Infinity":51,"s:104:10:104:Infinity":52,"s:107:10:107:Infinity":53,"s:108:10:108:Infinity":54,"s:111:20:111:Infinity":55,"s:112:16:112:Infinity":56,"s:113:4:113:Infinity":57,"b:113:34:113:40:113:40:113:41":13,"s:116:4:118:Infinity":58,"s:117:6:117:Infinity":59,"b:121:4:148:Infinity:undefined:undefined:undefined:undefined":14,"s:121:4:148:Infinity":60,"b:121:8:121:19:121:19:121:46":15,"s:122:6:147:Infinity":61,"s:123:29:125:Infinity":62,"f:123:41:123:Infinity":3,"s:124:17:124:Infinity":63,"b:124:17:124:30:124:30:124:Infinity":16,"b:126:8:146:Infinity:undefined:undefined:undefined:undefined":17,"s:126:8:146:Infinity":64,"s:128:32:128:Infinity":65,"s:129:10:138:Infinity":66,"b:130:12:130:Infinity:undefined:undefined:undefined:undefined":18,"s:130:12:130:Infinity":67,"s:130:28:130:Infinity":68,"s:131:25:131:Infinity":69,"b:132:12:132:Infinity:undefined:undefined:undefined:undefined":19,"s:132:12:132:Infinity":70,"s:132:23:132:Infinity":71,"s:133:25:133:Infinity":72,"b:133:25:133:51:133:51:133:Infinity":20,"s:134:23:134:Infinity":73,"b:135:12:136:Infinity:136:17:136:Infinity":21,"s:135:12:136:Infinity":74,"s:135:38:135:Infinity":75,"b:136:17:136:Infinity:undefined:undefined:undefined:undefined":22,"s:136:17:136:Infinity":76,"s:136:47:136:Infinity":77,"s:137:12:137:Infinity":78,"b:139:10:145:Infinity:undefined:undefined:undefined:undefined":23,"s:139:10:145:Infinity":79,"s:140:29:140:Infinity":80,"b:140:29:140:71:140:71:140:Infinity":24,"f:140:35:140:41":4,"s:140:47:140:59":81,"s:141:12:143:Infinity":82,"s:144:12:144:Infinity":83,"b:151:4:154:Infinity:undefined:undefined:undefined:undefined":25,"s:151:4:154:Infinity":84,"s:152:22:152:Infinity":85,"s:153:6:153:Infinity":86,"b:157:2:157:Infinity:undefined:undefined:undefined:undefined":26,"s:157:2:157:Infinity":87,"s:157:17:157:Infinity":88,"s:159:19:159:Infinity":89,"s:162:18:162:Infinity":90,"s:163:47:163:Infinity":91,"s:164:2:168:Infinity":92,"s:165:17:165:Infinity":93,"s:166:18:166:Infinity":94,"s:167:4:167:Infinity":95,"s:170:35:180:Infinity":96,"b:179:50:179:68:179:68:179:Infinity":27,"s:182:2:182:Infinity":97,"f:185:9:185:Infinity":5,"s:189:12:189:Infinity":98,"b:190:2:192:Infinity:undefined:undefined:undefined:undefined":28,"s:190:2:192:Infinity":99,"s:191:4:191:Infinity":100,"s:194:15:194:Infinity":101,"f:194:22:194:30":6,"s:194:39:194:46":102,"s:195:19:195:Infinity":103,"f:195:26:195:34":7,"s:195:45:195:68":104,"s:196:17:196:Infinity":105,"b:196:27:196:39:196:39:196:40":29,"s:198:17:198:Infinity":106,"f:198:29:198:35":8,"s:198:44:198:49":107,"s:199:46:199:Infinity":108,"s:200:2:203:Infinity":109,"s:201:18:201:Infinity":110,"s:202:4:202:Infinity":111,"s:205:2:205:Infinity":112}}}
}
